Log file open, 06/19/19 13:32:21
LogWindows: Failed to load 'aqProf.dll' (GetLastError=126)
LogWindows: File 'aqProf.dll' does not exist
LogWindows: Failed to load 'VtuneApi.dll' (GetLastError=126)
LogWindows: File 'VtuneApi.dll' does not exist
LogWindows: Failed to load 'VtuneApi32e.dll' (GetLastError=126)
LogWindows: File 'VtuneApi32e.dll' does not exist
LogConsoleResponse: Display: Failed to find resolution value strings in scalability ini. Falling back to default.
LogInit: Display: Running engine for game: OutOfClassCityCorner
LogPakFile: Registered encryption key '00000000000000000000000000000000': 0 pak files mounted, 0 remain pending
LogPlatformFile: Not using cached read wrapper
LogTaskGraph: Started task graph with 5 named threads and 23 total threads with 3 sets of task threads.
LogStats: Stats thread started at 0.275152
LogD3D11RHI: Loaded GFSDK_Aftermath_Lib.x64.dll
LogICUInternationalization: ICU TimeZone Detection - Raw Offset: -7:00, Platform Override: ''
LogPluginManager: Mounting plugin Paper2D
LogPluginManager: Mounting plugin AISupport
LogPluginManager: Mounting plugin LightPropagationVolume
LogPluginManager: Mounting plugin ActorLayerUtilities
LogPluginManager: Mounting plugin CLionSourceCodeAccess
LogPluginManager: Mounting plugin CodeLiteSourceCodeAccess
LogPluginManager: Mounting plugin GitSourceControl
LogPluginManager: Mounting plugin KDevelopSourceCodeAccess
LogPluginManager: Mounting plugin NullSourceCodeAccess
LogPluginManager: Mounting plugin PerforceSourceControl
LogPluginManager: Mounting plugin SubversionSourceControl
LogPluginManager: Mounting plugin UObjectPlugin
LogPluginManager: Mounting plugin VisualStudioCodeSourceCodeAccess
LogPluginManager: Mounting plugin VisualStudioSourceCodeAccess
LogPluginManager: Mounting plugin XCodeSourceCodeAccess
LogPluginManager: Mounting plugin AssetManagerEditor
LogPluginManager: Mounting plugin CryptoKeys
LogPluginManager: Mounting plugin DataValidation
LogPluginManager: Mounting plugin FacialAnimation
LogPluginManager: Mounting plugin GameplayTagsEditor
LogPluginManager: Mounting plugin MacGraphicsSwitching
LogPluginManager: Mounting plugin MeshEditor
LogPluginManager: Mounting plugin MobileLauncherProfileWizard
LogPluginManager: Mounting plugin PluginBrowser
LogPluginManager: Mounting plugin SpeedTreeImporter
LogPluginManager: Mounting plugin DatasmithContent
LogPluginManager: Mounting plugin VariantManagerContent
LogPluginManager: Mounting plugin AlembicImporter
LogPluginManager: Mounting plugin AppleImageUtils
LogPluginManager: Mounting plugin AppleVision
LogPluginManager: Mounting plugin BackChannel
LogPluginManager: Mounting plugin CharacterAI
LogPluginManager: Mounting plugin GeometryCache
LogPluginManager: Mounting plugin HTML5Networking
LogPluginManager: Mounting plugin ProxyLODPlugin
LogPluginManager: Mounting plugin MagicLeap
LogPluginManager: Mounting plugin MagicLeapMedia
LogPluginManager: Mounting plugin AndroidMedia
LogPluginManager: Mounting plugin AvfMedia
LogPluginManager: Mounting plugin ImgMedia
LogPluginManager: Mounting plugin LinearTimecode
LogPluginManager: Mounting plugin MediaCompositing
LogPluginManager: Mounting plugin MediaPlayerEditor
LogPluginManager: Mounting plugin WebMMedia
LogPluginManager: Mounting plugin WmfMedia
LogPluginManager: Mounting plugin TcpMessaging
LogPluginManager: Mounting plugin UdpMessaging
LogPluginManager: Mounting plugin ActorSequence
LogPluginManager: Mounting plugin LevelSequenceEditor
LogPluginManager: Mounting plugin MatineeToLevelSequence
LogPluginManager: Mounting plugin NetcodeUnitTest
LogPluginManager: Mounting plugin NUTUnrealEngine4
LogPluginManager: Mounting plugin OnlineSubsystemGooglePlay
LogPluginManager: Mounting plugin OnlineSubsystemIOS
LogPluginManager: Mounting plugin OnlineSubsystem
LogPluginManager: Mounting plugin OnlineSubsystemNull
LogPluginManager: Mounting plugin OnlineSubsystemUtils
LogPluginManager: Mounting plugin LauncherChunkInstaller
LogPluginManager: Mounting plugin AndroidDeviceProfileSelector
LogPluginManager: Mounting plugin AndroidMoviePlayer
LogPluginManager: Mounting plugin AndroidPermission
LogPluginManager: Mounting plugin AppleMoviePlayer
LogPluginManager: Mounting plugin ArchVisCharacter
LogPluginManager: Mounting plugin AudioCapture
LogPluginManager: Mounting plugin CableComponent
LogPluginManager: Mounting plugin CustomMeshComponent
LogPluginManager: Mounting plugin EditableMesh
LogPluginManager: Mounting plugin ExampleDeviceProfileSelector
LogPluginManager: Mounting plugin Firebase
LogPluginManager: Mounting plugin GoogleCloudMessaging
LogPluginManager: Mounting plugin IOSDeviceProfileSelector
LogPluginManager: Mounting plugin LinuxDeviceProfileSelector
LogPluginManager: Mounting plugin LocationServicesBPLibrary
LogPluginManager: Mounting plugin MobilePatchingUtils
LogPluginManager: Mounting plugin OculusVR
LogPluginManager: Mounting plugin PhysXVehicles
LogPluginManager: Mounting plugin ProceduralMeshComponent
LogPluginManager: Mounting plugin RuntimePhysXCooking
LogPluginManager: Mounting plugin SteamVR
LogPluginManager: Mounting plugin WebMMoviePlayer
LogPluginManager: Mounting plugin WindowsMoviePlayer
LogStreaming: Display: Took  0.074s to configure plugins.
LogInit: Using libcurl 7.55.1-DEV
LogInit:  - built for x86_64-pc-win32
LogInit:  - supports SSL with OpenSSL/1.0.2h
LogInit:  - supports HTTP deflate (compression) using libz 1.2.8
LogInit:  - other features:
LogInit:      CURL_VERSION_SSL
LogInit:      CURL_VERSION_LIBZ
LogInit:      CURL_VERSION_IPV6
LogInit:      CURL_VERSION_ASYNCHDNS
LogInit:      CURL_VERSION_LARGEFILE
LogInit:      CURL_VERSION_IDN
LogInit:  CurlRequestOptions (configurable via config and command line):
LogInit:  - bVerifyPeer = true  - Libcurl will verify peer certificate
LogInit:  - bUseHttpProxy = false  - Libcurl will NOT use HTTP proxy
LogInit:  - bDontReuseConnections = false  - Libcurl will reuse connections
LogInit:  - MaxHostConnections = 16  - Libcurl will limit the number of connections to a host
LogInit:  - LocalHostAddr = Default
LogInit:  - BufferSize = 65536
LogInit: WinSock: version 1.1 (2.2), MaxSocks=32767, MaxUdp=65467
LogInit: Build: ++UE4+Release-4.21-CL-4753647
LogInit: Engine Version: 4.21.2-4753647+++UE4+Release-4.21
LogInit: Compatible Engine Version: 4.21.0-4541578+++UE4+Release-4.21
LogInit: Net CL: 4541578
LogInit: OS: Windows 10 (), CPU: Intel(R) Core(TM) i7-8809G CPU @ 3.10GHz, GPU: Radeon RX Vega M GH Graphics
LogInit: Compiled (64-bit): Jan 19 2019 02:07:31
LogInit: Compiled with Visual C++: 19.13.26129.00
LogInit: Build Configuration: Development
LogInit: Branch Name: ++UE4+Release-4.21
LogInit: Command Line: 
LogInit: Base Directory: C:/Program Files/Epic Games/UE_4.21/Engine/Binaries/Win64/
LogInit: Installed Engine Build: 1
LogDevObjectVersion: Number of dev versions registered: 22
LogDevObjectVersion:   Dev-Blueprints (B0D832E4-1F89-4F0D-ACCF-7EB736FD4AA2): 10
LogDevObjectVersion:   Dev-Build (E1C64328-A22C-4D53-A36C-8E866417BD8C): 0
LogDevObjectVersion:   Dev-Core (375EC13C-06E4-48FB-B500-84F0262A717E): 2
LogDevObjectVersion:   Dev-Editor (E4B068ED-F494-42E9-A231-DA0B2E46BB41): 26
LogDevObjectVersion:   Dev-Framework (CFFC743F-43B0-4480-9391-14DF171D2073): 34
LogDevObjectVersion:   Dev-Mobile (B02B49B5-BB20-44E9-A304-32B752E40360): 2
LogDevObjectVersion:   Dev-Networking (A4E4105C-59A1-49B5-A7C5-40C4547EDFEE): 0
LogDevObjectVersion:   Dev-Online (39C831C9-5AE6-47DC-9A44-9C173E1C8E7C): 0
LogDevObjectVersion:   Dev-Physics (78F01B33-EBEA-4F98-B9B4-84EACCB95AA2): 0
LogDevObjectVersion:   Dev-Platform (6631380F-2D4D-43E0-8009-CF276956A95A): 0
LogDevObjectVersion:   Dev-Rendering (12F88B9F-8875-4AFC-A67C-D90C383ABD29): 27
LogDevObjectVersion:   Dev-Sequencer (7B5AE74C-D270-4C10-A958-57980B212A5A): 9
LogDevObjectVersion:   Dev-VR (D7296918-1DD6-4BDD-9DE2-64A83CC13884): 2
LogDevObjectVersion:   Dev-LoadTimes (C2A15278-BFE7-4AFE-6C17-90FF531DF755): 1
LogDevObjectVersion:   Private-Geometry (6EACA3D4-40EC-4CC1-B786-8BED09428FC5): 3
LogDevObjectVersion:   Dev-AnimPhys (29E575DD-E0A3-4627-9D10-D276232CDCEA): 17
LogDevObjectVersion:   Dev-Anim (AF43A65D-7FD3-4947-9873-3E8ED9C1BB05): 2
LogDevObjectVersion:   Dev-ReflectionCapture (6B266CEC-1EC7-4B8F-A30B-E4D90942FC07): 1
LogDevObjectVersion:   Dev-Automation (0DF73D61-A23F-47EA-B727-89E90C41499A): 1
LogDevObjectVersion:   FortniteMain (601D1886-AC64-4F84-AA16-D3DE0DEAC7D6): 17
LogDevObjectVersion:   Dev-Enterprise (9DFFBCD6-494F-0158-E221-12823C92A888): 4
LogDevObjectVersion:   Dev-Niagara (F2AED0AC-9AFE-416F-8664-AA7FFA26D6FC): 1
LogStreaming: Display: Took  0.000s to delete old logs.
LogInit: Presizing for max 8388607 objects, including 0 objects not considered by GC, pre-allocating 0 bytes for permanent pool.
LogInit: Object subsystem initialized
LogConfig: Setting CVar [[con.DebugEarlyDefault:1]]
LogConfig: Setting CVar [[r.setres:1280x720]]
[2019.06.19-19.32.21:931][  0]LogConfig: Setting CVar [[r.VSync:0]]
[2019.06.19-19.32.21:931][  0]LogConfig: Setting CVar [[r.RHICmdBypass:0]]
[2019.06.19-19.32.21:931][  0]LogConfig: Applying CVar settings from Section [/Script/Engine.RendererSettings] File [C:/Users/u1196342/Documents/GitHub/SummerAssetPipeAS/OutOfClassCityCorner/Saved/Config/Windows/Engine.ini]
[2019.06.19-19.32.21:931][  0]LogConfig: Setting CVar [[r.GPUCrashDebugging:0]]
[2019.06.19-19.32.21:931][  0]LogConfig: Applying CVar settings from Section [/Script/Engine.RendererOverrideSettings] File [C:/Users/u1196342/Documents/GitHub/SummerAssetPipeAS/OutOfClassCityCorner/Saved/Config/Windows/Engine.ini]
[2019.06.19-19.32.21:931][  0]LogConfig: Applying CVar settings from Section [/Script/Engine.StreamingSettings] File [C:/Users/u1196342/Documents/GitHub/SummerAssetPipeAS/OutOfClassCityCorner/Saved/Config/Windows/Engine.ini]
[2019.06.19-19.32.21:931][  0]LogConfig: Setting CVar [[s.MinBulkDataSizeForAsyncLoading:131072]]
[2019.06.19-19.32.21:931][  0]LogConfig: Setting CVar [[s.AsyncLoadingThreadEnabled:0]]
[2019.06.19-19.32.21:931][  0]LogConfig: Setting CVar [[s.EventDrivenLoaderEnabled:1]]
[2019.06.19-19.32.21:931][  0]LogConfig: Setting CVar [[s.WarnIfTimeLimitExceeded:0]]
[2019.06.19-19.32.21:931][  0]LogConfig: Setting CVar [[s.TimeLimitExceededMultiplier:1.5]]
[2019.06.19-19.32.21:931][  0]LogConfig: Setting CVar [[s.TimeLimitExceededMinTime:0.005]]
[2019.06.19-19.32.21:931][  0]LogConfig: Setting CVar [[s.UseBackgroundLevelStreaming:1]]
[2019.06.19-19.32.21:931][  0]LogConfig: Setting CVar [[s.PriorityAsyncLoadingExtraTime:15.0]]
[2019.06.19-19.32.21:931][  0]LogConfig: Setting CVar [[s.LevelStreamingActorsUpdateTimeLimit:5.0]]
[2019.06.19-19.32.21:931][  0]LogConfig: Setting CVar [[s.PriorityLevelStreamingActorsUpdateExtraTime:5.0]]
[2019.06.19-19.32.21:931][  0]LogConfig: Setting CVar [[s.LevelStreamingComponentsRegistrationGranularity:10]]
[2019.06.19-19.32.21:931][  0]LogConfig: Setting CVar [[s.UnregisterComponentsTimeLimit:1.0]]
[2019.06.19-19.32.21:931][  0]LogConfig: Setting CVar [[s.LevelStreamingComponentsUnregistrationGranularity:5]]
[2019.06.19-19.32.21:931][  0]LogConfig: Applying CVar settings from Section [/Script/Engine.GarbageCollectionSettings] File [C:/Users/u1196342/Documents/GitHub/SummerAssetPipeAS/OutOfClassCityCorner/Saved/Config/Windows/Engine.ini]
[2019.06.19-19.32.21:931][  0]LogConfig: Setting CVar [[gc.MaxObjectsNotConsideredByGC:1]]
[2019.06.19-19.32.21:931][  0]LogConfig: Setting CVar [[gc.SizeOfPermanentObjectPool:0]]
[2019.06.19-19.32.21:931][  0]LogConfig: Setting CVar [[gc.FlushStreamingOnGC:0]]
[2019.06.19-19.32.21:931][  0]LogConfig: Setting CVar [[gc.NumRetriesBeforeForcingGC:10]]
[2019.06.19-19.32.21:931][  0]LogConfig: Setting CVar [[gc.AllowParallelGC:1]]
[2019.06.19-19.32.21:931][  0]LogConfig: Setting CVar [[gc.TimeBetweenPurgingPendingKillObjects:61.1]]
[2019.06.19-19.32.21:931][  0]LogConfig: Setting CVar [[gc.MaxObjectsInEditor:8388607]]
[2019.06.19-19.32.21:931][  0]LogConfig: Setting CVar [[gc.IncrementalBeginDestroyEnabled:1]]
[2019.06.19-19.32.21:931][  0]LogConfig: Setting CVar [[gc.CreateGCClusters:1]]
[2019.06.19-19.32.21:931][  0]LogConfig: Setting CVar [[gc.MergeGCClusters:0]]
[2019.06.19-19.32.21:931][  0]LogConfig: Setting CVar [[gc.MinGCClusterSize:5]]
[2019.06.19-19.32.21:932][  0]LogConfig: Setting CVar [[gc.ActorClusteringEnabled:0]]
[2019.06.19-19.32.21:932][  0]LogConfig: Setting CVar [[gc.BlueprintClusteringEnabled:0]]
[2019.06.19-19.32.21:932][  0]LogConfig: Setting CVar [[gc.UseDisregardForGCOnDedicatedServers:0]]
[2019.06.19-19.32.21:932][  0]LogConfig: Applying CVar settings from Section [/Script/Engine.NetworkSettings] File [C:/Users/u1196342/Documents/GitHub/SummerAssetPipeAS/OutOfClassCityCorner/Saved/Config/Windows/Engine.ini]
[2019.06.19-19.32.21:932][  0]LogConfig: Applying CVar settings from Section [/Script/UnrealEd.CookerSettings] File [C:/Users/u1196342/Documents/GitHub/SummerAssetPipeAS/OutOfClassCityCorner/Saved/Config/Windows/Engine.ini]
[2019.06.19-19.32.21:935][  0]LogConfig: Applying CVar settings from Section [ViewDistanceQuality@3] File [C:/Users/u1196342/Documents/GitHub/SummerAssetPipeAS/OutOfClassCityCorner/Saved/Config/Windows/Scalability.ini]
[2019.06.19-19.32.21:935][  0]LogConfig: Setting CVar [[r.SkeletalMeshLODBias:0]]
[2019.06.19-19.32.21:935][  0]LogConfig: Setting CVar [[r.ViewDistanceScale:1.0]]
[2019.06.19-19.32.21:935][  0]LogConfig: Applying CVar settings from Section [AntiAliasingQuality@3] File [C:/Users/u1196342/Documents/GitHub/SummerAssetPipeAS/OutOfClassCityCorner/Saved/Config/Windows/Scalability.ini]
[2019.06.19-19.32.21:935][  0]LogConfig: Setting CVar [[r.PostProcessAAQuality:4]]
[2019.06.19-19.32.21:935][  0]LogConfig: Applying CVar settings from Section [ShadowQuality@3] File [C:/Users/u1196342/Documents/GitHub/SummerAssetPipeAS/OutOfClassCityCorner/Saved/Config/Windows/Scalability.ini]
[2019.06.19-19.32.21:935][  0]LogConfig: Setting CVar [[r.LightFunctionQuality:1]]
[2019.06.19-19.32.21:935][  0]LogConfig: Setting CVar [[r.ShadowQuality:5]]
[2019.06.19-19.32.21:935][  0]LogConfig: Setting CVar [[r.Shadow.CSM.MaxCascades:10]]
[2019.06.19-19.32.21:935][  0]LogConfig: Setting CVar [[r.Shadow.MaxResolution:2048]]
[2019.06.19-19.32.21:935][  0]LogConfig: Setting CVar [[r.Shadow.MaxCSMResolution:2048]]
[2019.06.19-19.32.21:935][  0]LogConfig: Setting CVar [[r.Shadow.RadiusThreshold:0.01]]
[2019.06.19-19.32.21:935][  0]LogConfig: Setting CVar [[r.Shadow.DistanceScale:1.0]]
[2019.06.19-19.32.21:935][  0]LogConfig: Setting CVar [[r.Shadow.CSM.TransitionScale:1.0]]
[2019.06.19-19.32.21:935][  0]LogConfig: Setting CVar [[r.Shadow.PreShadowResolutionFactor:1.0]]
[2019.06.19-19.32.21:935][  0]LogConfig: Setting CVar [[r.DistanceFieldShadowing:1]]
[2019.06.19-19.32.21:935][  0]LogConfig: Setting CVar [[r.DistanceFieldAO:1]]
[2019.06.19-19.32.21:935][  0]LogConfig: Setting CVar [[r.AOQuality:2]]
[2019.06.19-19.32.21:935][  0]LogConfig: Setting CVar [[r.VolumetricFog:1]]
[2019.06.19-19.32.21:935][  0]LogConfig: Setting CVar [[r.VolumetricFog.GridPixelSize:8]]
[2019.06.19-19.32.21:935][  0]LogConfig: Setting CVar [[r.VolumetricFog.GridSizeZ:128]]
[2019.06.19-19.32.21:935][  0]LogConfig: Setting CVar [[r.VolumetricFog.HistoryMissSupersampleCount:4]]
[2019.06.19-19.32.21:935][  0]LogConfig: Setting CVar [[r.LightMaxDrawDistanceScale:1]]
[2019.06.19-19.32.21:935][  0]LogConfig: Setting CVar [[r.CapsuleShadows:1]]
[2019.06.19-19.32.21:935][  0]LogConfig: Applying CVar settings from Section [PostProcessQuality@3] File [C:/Users/u1196342/Documents/GitHub/SummerAssetPipeAS/OutOfClassCityCorner/Saved/Config/Windows/Scalability.ini]
[2019.06.19-19.32.21:935][  0]LogConfig: Setting CVar [[r.MotionBlurQuality:4]]
[2019.06.19-19.32.21:935][  0]LogConfig: Setting CVar [[r.AmbientOcclusionMipLevelFactor:0.4]]
[2019.06.19-19.32.21:935][  0]LogConfig: Setting CVar [[r.AmbientOcclusionMaxQuality:100]]
[2019.06.19-19.32.21:935][  0]LogConfig: Setting CVar [[r.AmbientOcclusionLevels:-1]]
[2019.06.19-19.32.21:935][  0]LogConfig: Setting CVar [[r.AmbientOcclusionRadiusScale:1.0]]
[2019.06.19-19.32.21:935][  0]LogConfig: Setting CVar [[r.DepthOfFieldQuality:2]]
[2019.06.19-19.32.21:935][  0]LogConfig: Setting CVar [[r.RenderTargetPoolMin:400]]
[2019.06.19-19.32.21:935][  0]LogConfig: Setting CVar [[r.LensFlareQuality:2]]
[2019.06.19-19.32.21:935][  0]LogConfig: Setting CVar [[r.SceneColorFringeQuality:1]]
[2019.06.19-19.32.21:935][  0]LogConfig: Setting CVar [[r.EyeAdaptationQuality:2]]
[2019.06.19-19.32.21:935][  0]LogConfig: Setting CVar [[r.BloomQuality:5]]
[2019.06.19-19.32.21:935][  0]LogConfig: Setting CVar [[r.FastBlurThreshold:100]]
[2019.06.19-19.32.21:935][  0]LogConfig: Setting CVar [[r.Upscale.Quality:3]]
[2019.06.19-19.32.21:935][  0]LogConfig: Setting CVar [[r.Tonemapper.GrainQuantization:1]]
[2019.06.19-19.32.21:936][  0]LogConfig: Setting CVar [[r.LightShaftQuality:1]]
[2019.06.19-19.32.21:936][  0]LogConfig: Setting CVar [[r.Filter.SizeScale:1]]
[2019.06.19-19.32.21:936][  0]LogConfig: Setting CVar [[r.Tonemapper.Quality:5]]
[2019.06.19-19.32.21:936][  0]LogConfig: Setting CVar [[r.DOF.Gather.AccumulatorQuality:1        ; higher gathering accumulator quality]]
[2019.06.19-19.32.21:936][  0]LogConfig: Setting CVar [[r.DOF.Gather.PostfilterMethod:1          ; Median3x3 postfilering method]]
[2019.06.19-19.32.21:936][  0]LogConfig: Setting CVar [[r.DOF.Gather.EnableBokehSettings:0       ; no bokeh simulation when gathering]]
[2019.06.19-19.32.21:936][  0]LogConfig: Setting CVar [[r.DOF.Gather.RingCount:4                 ; medium number of samples when gathering]]
[2019.06.19-19.32.21:936][  0]LogConfig: Setting CVar [[r.DOF.Scatter.ForegroundCompositing:1    ; additive foreground scattering]]
[2019.06.19-19.32.21:936][  0]LogConfig: Setting CVar [[r.DOF.Scatter.BackgroundCompositing:2    ; additive background scattering]]
[2019.06.19-19.32.21:936][  0]LogConfig: Setting CVar [[r.DOF.Scatter.EnableBokehSettings:1      ; bokeh simulation when scattering]]
[2019.06.19-19.32.21:936][  0]LogConfig: Setting CVar [[r.DOF.Scatter.MaxSpriteRatio:0.1         ; only a maximum of 10% of scattered bokeh]]
[2019.06.19-19.32.21:936][  0]LogConfig: Setting CVar [[r.DOF.Recombine.Quality:1                ; cheap slight out of focus]]
[2019.06.19-19.32.21:936][  0]LogConfig: Setting CVar [[r.DOF.Recombine.EnableBokehSettings:0    ; no bokeh simulation on slight out of focus]]
[2019.06.19-19.32.21:936][  0]LogConfig: Setting CVar [[r.DOF.TemporalAAQuality:1                ; more stable temporal accumulation]]
[2019.06.19-19.32.21:936][  0]LogConfig: Setting CVar [[r.DOF.Kernel.MaxForegroundRadius:0.025]]
[2019.06.19-19.32.21:936][  0]LogConfig: Setting CVar [[r.DOF.Kernel.MaxBackgroundRadius:0.025]]
[2019.06.19-19.32.21:936][  0]LogConfig: Applying CVar settings from Section [TextureQuality@3] File [C:/Users/u1196342/Documents/GitHub/SummerAssetPipeAS/OutOfClassCityCorner/Saved/Config/Windows/Scalability.ini]
[2019.06.19-19.32.21:936][  0]LogConfig: Setting CVar [[r.Streaming.MipBias:0]]
[2019.06.19-19.32.21:936][  0]LogConfig: Setting CVar [[r.Streaming.AmortizeCPUToGPUCopy:0]]
[2019.06.19-19.32.21:936][  0]LogConfig: Setting CVar [[r.Streaming.MaxNumTexturesToStreamPerFrame:0]]
[2019.06.19-19.32.21:936][  0]LogConfig: Setting CVar [[r.Streaming.Boost:1]]
[2019.06.19-19.32.21:936][  0]LogConfig: Setting CVar [[r.MaxAnisotropy:8]]
[2019.06.19-19.32.21:936][  0]LogConfig: Setting CVar [[r.Streaming.LimitPoolSizeToVRAM:0]]
[2019.06.19-19.32.21:936][  0]LogConfig: Setting CVar [[r.Streaming.PoolSize:1000]]
[2019.06.19-19.32.21:936][  0]LogConfig: Setting CVar [[r.Streaming.MaxEffectiveScreenSize:0]]
[2019.06.19-19.32.21:936][  0]LogConfig: Applying CVar settings from Section [EffectsQuality@3] File [C:/Users/u1196342/Documents/GitHub/SummerAssetPipeAS/OutOfClassCityCorner/Saved/Config/Windows/Scalability.ini]
[2019.06.19-19.32.21:936][  0]LogConfig: Setting CVar [[r.TranslucencyLightingVolumeDim:64]]
[2019.06.19-19.32.21:936][  0]LogConfig: Setting CVar [[r.RefractionQuality:2]]
[2019.06.19-19.32.21:936][  0]LogConfig: Setting CVar [[r.SSR.Quality:3]]
[2019.06.19-19.32.21:936][  0]LogConfig: Setting CVar [[r.SceneColorFormat:4]]
[2019.06.19-19.32.21:936][  0]LogConfig: Setting CVar [[r.DetailMode:2]]
[2019.06.19-19.32.21:936][  0]LogConfig: Setting CVar [[r.TranslucencyVolumeBlur:1]]
[2019.06.19-19.32.21:936][  0]LogConfig: Setting CVar [[r.MaterialQualityLevel:1 ; High quality]]
[2019.06.19-19.32.21:936][  0]LogConfig: Setting CVar [[r.SSS.Scale:1]]
[2019.06.19-19.32.21:936][  0]LogConfig: Setting CVar [[r.SSS.SampleSet:2]]
[2019.06.19-19.32.21:936][  0]LogConfig: Setting CVar [[r.SSS.Quality:1]]
[2019.06.19-19.32.21:936][  0]LogConfig: Setting CVar [[r.SSS.HalfRes:1]]
[2019.06.19-19.32.21:936][  0]LogConfig: Setting CVar [[r.EmitterSpawnRateScale:1.0]]
[2019.06.19-19.32.21:936][  0]LogConfig: Setting CVar [[r.ParticleLightQuality:2]]
[2019.06.19-19.32.21:936][  0]LogConfig: Applying CVar settings from Section [FoliageQuality@3] File [C:/Users/u1196342/Documents/GitHub/SummerAssetPipeAS/OutOfClassCityCorner/Saved/Config/Windows/Scalability.ini]
[2019.06.19-19.32.21:936][  0]LogConfig: Setting CVar [[foliage.DensityScale:1.0]]
[2019.06.19-19.32.21:936][  0]LogConfig: Setting CVar [[grass.DensityScale:1.0]]
[2019.06.19-19.32.21:936][  0]LogInit: Selected Device Profile: [Windows]
[2019.06.19-19.32.21:936][  0]LogInit: Applying CVar settings loaded from the selected device profile: [Windows]
[2019.06.19-19.32.21:948][  0]LogHAL: Display: Platform has ~ 16 GB [17094643712 / 17179869184 / 16], which maps to Larger [LargestMinGB=32, LargerMinGB=12, DefaultMinGB=8, SmallerMinGB=6, SmallestMinGB=0)
[2019.06.19-19.32.21:948][  0]LogConfig: Setting CVar [[r.Vulkan.UseRealUBs:1]]
[2019.06.19-19.32.21:948][  0]LogInit: Going up to parent DeviceProfile []
[2019.06.19-19.32.21:948][  0]LogConfig: Applying CVar settings from Section [ViewDistanceQuality@3] File [C:/Users/u1196342/Documents/GitHub/SummerAssetPipeAS/OutOfClassCityCorner/Saved/Config/Windows/Scalability.ini]
[2019.06.19-19.32.21:948][  0]LogConfig: Setting CVar [[r.SkeletalMeshLODBias:0]]
[2019.06.19-19.32.21:948][  0]LogConfig: Setting CVar [[r.ViewDistanceScale:1.0]]
[2019.06.19-19.32.21:948][  0]LogConfig: Applying CVar settings from Section [AntiAliasingQuality@3] File [C:/Users/u1196342/Documents/GitHub/SummerAssetPipeAS/OutOfClassCityCorner/Saved/Config/Windows/Scalability.ini]
[2019.06.19-19.32.21:948][  0]LogConfig: Setting CVar [[r.PostProcessAAQuality:4]]
[2019.06.19-19.32.21:948][  0]LogConfig: Applying CVar settings from Section [ShadowQuality@3] File [C:/Users/u1196342/Documents/GitHub/SummerAssetPipeAS/OutOfClassCityCorner/Saved/Config/Windows/Scalability.ini]
[2019.06.19-19.32.21:948][  0]LogConfig: Setting CVar [[r.LightFunctionQuality:1]]
[2019.06.19-19.32.21:948][  0]LogConfig: Setting CVar [[r.ShadowQuality:5]]
[2019.06.19-19.32.21:948][  0]LogConfig: Setting CVar [[r.Shadow.CSM.MaxCascades:10]]
[2019.06.19-19.32.21:948][  0]LogConfig: Setting CVar [[r.Shadow.MaxResolution:2048]]
[2019.06.19-19.32.21:948][  0]LogConfig: Setting CVar [[r.Shadow.MaxCSMResolution:2048]]
[2019.06.19-19.32.21:948][  0]LogConfig: Setting CVar [[r.Shadow.RadiusThreshold:0.01]]
[2019.06.19-19.32.21:948][  0]LogConfig: Setting CVar [[r.Shadow.DistanceScale:1.0]]
[2019.06.19-19.32.21:948][  0]LogConfig: Setting CVar [[r.Shadow.CSM.TransitionScale:1.0]]
[2019.06.19-19.32.21:948][  0]LogConfig: Setting CVar [[r.Shadow.PreShadowResolutionFactor:1.0]]
[2019.06.19-19.32.21:948][  0]LogConfig: Setting CVar [[r.DistanceFieldShadowing:1]]
[2019.06.19-19.32.21:948][  0]LogConfig: Setting CVar [[r.DistanceFieldAO:1]]
[2019.06.19-19.32.21:948][  0]LogConfig: Setting CVar [[r.AOQuality:2]]
[2019.06.19-19.32.21:948][  0]LogConfig: Setting CVar [[r.VolumetricFog:1]]
[2019.06.19-19.32.21:948][  0]LogConfig: Setting CVar [[r.VolumetricFog.GridPixelSize:8]]
[2019.06.19-19.32.21:948][  0]LogConfig: Setting CVar [[r.VolumetricFog.GridSizeZ:128]]
[2019.06.19-19.32.21:948][  0]LogConfig: Setting CVar [[r.VolumetricFog.HistoryMissSupersampleCount:4]]
[2019.06.19-19.32.21:948][  0]LogConfig: Setting CVar [[r.LightMaxDrawDistanceScale:1]]
[2019.06.19-19.32.21:948][  0]LogConfig: Setting CVar [[r.CapsuleShadows:1]]
[2019.06.19-19.32.21:948][  0]LogConfig: Applying CVar settings from Section [PostProcessQuality@3] File [C:/Users/u1196342/Documents/GitHub/SummerAssetPipeAS/OutOfClassCityCorner/Saved/Config/Windows/Scalability.ini]
[2019.06.19-19.32.21:948][  0]LogConfig: Setting CVar [[r.MotionBlurQuality:4]]
[2019.06.19-19.32.21:948][  0]LogConfig: Setting CVar [[r.AmbientOcclusionMipLevelFactor:0.4]]
[2019.06.19-19.32.21:948][  0]LogConfig: Setting CVar [[r.AmbientOcclusionMaxQuality:100]]
[2019.06.19-19.32.21:948][  0]LogConfig: Setting CVar [[r.AmbientOcclusionLevels:-1]]
[2019.06.19-19.32.21:948][  0]LogConfig: Setting CVar [[r.AmbientOcclusionRadiusScale:1.0]]
[2019.06.19-19.32.21:948][  0]LogConfig: Setting CVar [[r.DepthOfFieldQuality:2]]
[2019.06.19-19.32.21:949][  0]LogConfig: Setting CVar [[r.RenderTargetPoolMin:400]]
[2019.06.19-19.32.21:949][  0]LogConfig: Setting CVar [[r.LensFlareQuality:2]]
[2019.06.19-19.32.21:949][  0]LogConfig: Setting CVar [[r.SceneColorFringeQuality:1]]
[2019.06.19-19.32.21:949][  0]LogConfig: Setting CVar [[r.EyeAdaptationQuality:2]]
[2019.06.19-19.32.21:949][  0]LogConfig: Setting CVar [[r.BloomQuality:5]]
[2019.06.19-19.32.21:949][  0]LogConfig: Setting CVar [[r.FastBlurThreshold:100]]
[2019.06.19-19.32.21:949][  0]LogConfig: Setting CVar [[r.Upscale.Quality:3]]
[2019.06.19-19.32.21:949][  0]LogConfig: Setting CVar [[r.Tonemapper.GrainQuantization:1]]
[2019.06.19-19.32.21:949][  0]LogConfig: Setting CVar [[r.LightShaftQuality:1]]
[2019.06.19-19.32.21:949][  0]LogConfig: Setting CVar [[r.Filter.SizeScale:1]]
[2019.06.19-19.32.21:949][  0]LogConfig: Setting CVar [[r.Tonemapper.Quality:5]]
[2019.06.19-19.32.21:949][  0]LogConfig: Setting CVar [[r.DOF.Gather.AccumulatorQuality:1        ; higher gathering accumulator quality]]
[2019.06.19-19.32.21:949][  0]LogConfig: Setting CVar [[r.DOF.Gather.PostfilterMethod:1          ; Median3x3 postfilering method]]
[2019.06.19-19.32.21:949][  0]LogConfig: Setting CVar [[r.DOF.Gather.EnableBokehSettings:0       ; no bokeh simulation when gathering]]
[2019.06.19-19.32.21:949][  0]LogConfig: Setting CVar [[r.DOF.Gather.RingCount:4                 ; medium number of samples when gathering]]
[2019.06.19-19.32.21:949][  0]LogConfig: Setting CVar [[r.DOF.Scatter.ForegroundCompositing:1    ; additive foreground scattering]]
[2019.06.19-19.32.21:949][  0]LogConfig: Setting CVar [[r.DOF.Scatter.BackgroundCompositing:2    ; additive background scattering]]
[2019.06.19-19.32.21:949][  0]LogConfig: Setting CVar [[r.DOF.Scatter.EnableBokehSettings:1      ; bokeh simulation when scattering]]
[2019.06.19-19.32.21:949][  0]LogConfig: Setting CVar [[r.DOF.Scatter.MaxSpriteRatio:0.1         ; only a maximum of 10% of scattered bokeh]]
[2019.06.19-19.32.21:949][  0]LogConfig: Setting CVar [[r.DOF.Recombine.Quality:1                ; cheap slight out of focus]]
[2019.06.19-19.32.21:949][  0]LogConfig: Setting CVar [[r.DOF.Recombine.EnableBokehSettings:0    ; no bokeh simulation on slight out of focus]]
[2019.06.19-19.32.21:949][  0]LogConfig: Setting CVar [[r.DOF.TemporalAAQuality:1                ; more stable temporal accumulation]]
[2019.06.19-19.32.21:949][  0]LogConfig: Setting CVar [[r.DOF.Kernel.MaxForegroundRadius:0.025]]
[2019.06.19-19.32.21:949][  0]LogConfig: Setting CVar [[r.DOF.Kernel.MaxBackgroundRadius:0.025]]
[2019.06.19-19.32.21:949][  0]LogConfig: Applying CVar settings from Section [TextureQuality@3] File [C:/Users/u1196342/Documents/GitHub/SummerAssetPipeAS/OutOfClassCityCorner/Saved/Config/Windows/Scalability.ini]
[2019.06.19-19.32.21:949][  0]LogConfig: Setting CVar [[r.Streaming.MipBias:0]]
[2019.06.19-19.32.21:949][  0]LogConfig: Setting CVar [[r.Streaming.AmortizeCPUToGPUCopy:0]]
[2019.06.19-19.32.21:949][  0]LogConfig: Setting CVar [[r.Streaming.MaxNumTexturesToStreamPerFrame:0]]
[2019.06.19-19.32.21:949][  0]LogConfig: Setting CVar [[r.Streaming.Boost:1]]
[2019.06.19-19.32.21:949][  0]LogConfig: Setting CVar [[r.MaxAnisotropy:8]]
[2019.06.19-19.32.21:949][  0]LogConfig: Setting CVar [[r.Streaming.LimitPoolSizeToVRAM:0]]
[2019.06.19-19.32.21:949][  0]LogConfig: Setting CVar [[r.Streaming.PoolSize:1000]]
[2019.06.19-19.32.21:949][  0]LogConfig: Setting CVar [[r.Streaming.MaxEffectiveScreenSize:0]]
[2019.06.19-19.32.21:949][  0]LogConfig: Applying CVar settings from Section [EffectsQuality@3] File [C:/Users/u1196342/Documents/GitHub/SummerAssetPipeAS/OutOfClassCityCorner/Saved/Config/Windows/Scalability.ini]
[2019.06.19-19.32.21:949][  0]LogConfig: Setting CVar [[r.TranslucencyLightingVolumeDim:64]]
[2019.06.19-19.32.21:949][  0]LogConfig: Setting CVar [[r.RefractionQuality:2]]
[2019.06.19-19.32.21:949][  0]LogConfig: Setting CVar [[r.SSR.Quality:3]]
[2019.06.19-19.32.21:949][  0]LogConfig: Setting CVar [[r.SceneColorFormat:4]]
[2019.06.19-19.32.21:949][  0]LogConfig: Setting CVar [[r.DetailMode:2]]
[2019.06.19-19.32.21:949][  0]LogConfig: Setting CVar [[r.TranslucencyVolumeBlur:1]]
[2019.06.19-19.32.21:949][  0]LogConfig: Setting CVar [[r.MaterialQualityLevel:1 ; High quality]]
[2019.06.19-19.32.21:949][  0]LogConfig: Setting CVar [[r.SSS.Scale:1]]
[2019.06.19-19.32.21:949][  0]LogConfig: Setting CVar [[r.SSS.SampleSet:2]]
[2019.06.19-19.32.21:949][  0]LogConfig: Setting CVar [[r.SSS.Quality:1]]
[2019.06.19-19.32.21:949][  0]LogConfig: Setting CVar [[r.SSS.HalfRes:1]]
[2019.06.19-19.32.21:949][  0]LogConfig: Setting CVar [[r.EmitterSpawnRateScale:1.0]]
[2019.06.19-19.32.21:949][  0]LogConfig: Setting CVar [[r.ParticleLightQuality:2]]
[2019.06.19-19.32.21:949][  0]LogConfig: Applying CVar settings from Section [FoliageQuality@3] File [C:/Users/u1196342/Documents/GitHub/SummerAssetPipeAS/OutOfClassCityCorner/Saved/Config/Windows/Scalability.ini]
[2019.06.19-19.32.21:949][  0]LogConfig: Setting CVar [[foliage.DensityScale:1.0]]
[2019.06.19-19.32.21:949][  0]LogConfig: Setting CVar [[grass.DensityScale:1.0]]
[2019.06.19-19.32.21:949][  0]LogConfig: Applying CVar settings from Section [Startup] File [../../../Engine/Config/ConsoleVariables.ini]
[2019.06.19-19.32.21:949][  0]LogConfig: Setting CVar [[net.UseAdaptiveNetUpdateFrequency:0]]
[2019.06.19-19.32.21:949][  0]LogConfig: Applying CVar settings from Section [ConsoleVariables] File [C:/Users/u1196342/Documents/GitHub/SummerAssetPipeAS/OutOfClassCityCorner/Saved/Config/Windows/Engine.ini]
[2019.06.19-19.32.21:949][  0]LogInit: Computer: eae-n-028
[2019.06.19-19.32.21:949][  0]LogInit: User: u1196342
[2019.06.19-19.32.21:950][  0]LogInit: CPU Page size=4096, Cores=4
[2019.06.19-19.32.21:950][  0]LogInit: High frequency timer resolution =3.023441 MHz
[2019.06.19-19.32.21:950][  0]LogMemory: Memory total: Physical=15.9GB (16GB approx)
[2019.06.19-19.32.21:950][  0]LogMemory: Platform Memory Stats for Windows
[2019.06.19-19.32.21:950][  0]LogMemory: Process Physical Memory: 102.10 MB used, 102.10 MB peak
[2019.06.19-19.32.21:950][  0]LogMemory: Process Virtual Memory: 91.33 MB used, 91.33 MB peak
[2019.06.19-19.32.21:950][  0]LogMemory: Physical Memory: 5037.94 MB used,  11264.79 MB free, 16302.72 MB total
[2019.06.19-19.32.21:950][  0]LogMemory: Virtual Memory: 4647.91 MB used,  134213080.00 MB free, 134217728.00 MB total
[2019.06.19-19.32.21:966][  0]LogInit: Using OS detected language (en-US).
[2019.06.19-19.32.21:966][  0]LogInit: Using OS detected locale (en-US).
[2019.06.19-19.32.21:967][  0]LogTextLocalizationManager: No specific localization for 'en-US' exists, so the 'en' localization will be used.
[2019.06.19-19.32.22:301][  0]LogStreaming: Display: Took  0.334s to InitEngineTextLocalization.
[2019.06.19-19.32.22:301][  0]LogInit: Setting process to per monitor DPI aware
[2019.06.19-19.32.22:343][  0]LogSlate: New Slate User Created.  User Index 0, Is Virtual User: 0
[2019.06.19-19.32.22:343][  0]LogSlate: Slate User Registered.  User Index 0, Is Virtual User: 0
[2019.06.19-19.32.22:524][  0]LogHMD: Failed to initialize OpenVR with code 110
[2019.06.19-19.32.22:524][  0]LogD3D11RHI: D3D11 adapters:
[2019.06.19-19.32.22:556][  0]LogD3D11RHI:    0. 'Radeon RX Vega M GH Graphics' (Feature Level 11_0)
[2019.06.19-19.32.22:556][  0]LogD3D11RHI:       4042/0/8151 MB DedicatedVideo/DedicatedSystem/SharedSystem, Outputs:1, VendorId:0x1002
[2019.06.19-19.32.22:581][  0]LogD3D11RHI:    1. 'Intel(R) HD Graphics 630' (Feature Level 11_0)
[2019.06.19-19.32.22:581][  0]LogD3D11RHI:       128/0/8151 MB DedicatedVideo/DedicatedSystem/SharedSystem, Outputs:0, VendorId:0x8086
[2019.06.19-19.32.22:583][  0]LogD3D11RHI:    2. 'Microsoft Basic Render Driver' (Feature Level 11_0)
[2019.06.19-19.32.22:583][  0]LogD3D11RHI:       0/0/8151 MB DedicatedVideo/DedicatedSystem/SharedSystem, Outputs:0, VendorId:0x1414
[2019.06.19-19.32.22:583][  0]LogD3D11RHI: Chosen D3D11 Adapter: 0
[2019.06.19-19.32.22:590][  0]LogD3D11RHI: Creating new Direct3DDevice
[2019.06.19-19.32.22:590][  0]LogD3D11RHI:     GPU DeviceId: 0x694c (for the marketing name, search the web for "GPU Device Id")
[2019.06.19-19.32.22:590][  0]LogWindows: EnumDisplayDevices:
[2019.06.19-19.32.22:590][  0]LogWindows:    0. 'Radeon RX Vega M GH Graphics' (P:1 D:1)
[2019.06.19-19.32.22:590][  0]LogWindows:    1. 'Radeon RX Vega M GH Graphics' (P:0 D:0)
[2019.06.19-19.32.22:591][  0]LogWindows:    2. 'Radeon RX Vega M GH Graphics' (P:0 D:0)
[2019.06.19-19.32.22:591][  0]LogWindows:    3. 'Radeon RX Vega M GH Graphics' (P:0 D:0)
[2019.06.19-19.32.22:591][  0]LogWindows:    4. 'Radeon RX Vega M GH Graphics' (P:0 D:0)
[2019.06.19-19.32.22:591][  0]LogWindows:    5. 'Radeon RX Vega M GH Graphics' (P:0 D:0)
[2019.06.19-19.32.22:592][  0]LogWindows:    6. 'Radeon RX Vega M GH Graphics' (P:0 D:0)
[2019.06.19-19.32.22:592][  0]LogWindows:    7. 'Radeon RX Vega M GH Graphics' (P:0 D:0)
[2019.06.19-19.32.22:592][  0]LogWindows:    8. 'Intel(R) HD Graphics 630' (P:0 D:0)
[2019.06.19-19.32.22:592][  0]LogWindows:    9. 'Intel(R) HD Graphics 630' (P:0 D:0)
[2019.06.19-19.32.22:592][  0]LogWindows: DebugString: PrimaryIsNotTheChoosenAdapter PrimaryIsNotTheChoosenAdapter FoundDriverCount:8 
[2019.06.19-19.32.22:592][  0]LogD3D11RHI:     Adapter Name: Radeon RX Vega M GH Graphics
[2019.06.19-19.32.22:592][  0]LogD3D11RHI:   Driver Version: Adrenalin 19 18.12.2 (internal:25.20.15002.58, unified:25.20.15002.58)
[2019.06.19-19.32.22:592][  0]LogD3D11RHI:      Driver Date: 12-6-2018
[2019.06.19-19.32.22:592][  0]LogRHI: Texture pool is 2829 MB (70% of 4042 MB)
[2019.06.19-19.32.22:695][  0]LogD3D11RHI: Async texture creation enabled
[2019.06.19-19.32.22:708][  0]LogD3D11RHI: GPU Timing Frequency: 25.000000 (Debug: 2 1)
[2019.06.19-19.32.22:992][  0]LogTemp: Display: Loaded TP AllDesktopTargetPlatform
[2019.06.19-19.32.23:004][  0]LogTemp: Display: Loaded TP MacClientTargetPlatform
[2019.06.19-19.32.23:016][  0]LogTemp: Display: Loaded TP MacNoEditorTargetPlatform
[2019.06.19-19.32.23:027][  0]LogTemp: Display: Loaded TP MacServerTargetPlatform
[2019.06.19-19.32.23:038][  0]LogTemp: Display: Loaded TP MacTargetPlatform
[2019.06.19-19.32.23:050][  0]LogTemp: Display: Loaded TP WindowsClientTargetPlatform
[2019.06.19-19.32.23:060][  0]LogTemp: Display: Loaded TP WindowsNoEditorTargetPlatform
[2019.06.19-19.32.23:072][  0]LogTemp: Display: Loaded TP WindowsServerTargetPlatform
[2019.06.19-19.32.23:078][  0]LogTemp: Display: Loaded TP WindowsTargetPlatform
[2019.06.19-19.32.23:141][  0]LogTemp: Display: Loaded TP AndroidTargetPlatform
[2019.06.19-19.32.23:141][  0]LogTemp: Display: Loaded TP AndroidTargetPlatform
[2019.06.19-19.32.23:141][  0]LogTemp: Display: Loaded TP AndroidTargetPlatform
[2019.06.19-19.32.23:141][  0]LogTemp: Display: Loaded TP AndroidTargetPlatform
[2019.06.19-19.32.23:141][  0]LogTemp: Display: Loaded TP AndroidTargetPlatform
[2019.06.19-19.32.23:141][  0]LogTemp: Display: Loaded TP AndroidTargetPlatform
[2019.06.19-19.32.23:141][  0]LogTemp: Display: Loaded TP AndroidTargetPlatform
[2019.06.19-19.32.23:141][  0]LogTemp: Display: Loaded TP AndroidTargetPlatform
[2019.06.19-19.32.23:141][  0]LogTemp: Display: Loaded TP AndroidTargetPlatform
[2019.06.19-19.32.23:141][  0]LogTemp: Display: Loaded TP AndroidTargetPlatform
[2019.06.19-19.32.23:141][  0]LogTemp: Display: Loaded TP AndroidTargetPlatform
[2019.06.19-19.32.23:141][  0]LogTemp: Display: Loaded TP AndroidTargetPlatform
[2019.06.19-19.32.23:141][  0]LogTemp: Display: Loaded TP AndroidTargetPlatform
[2019.06.19-19.32.23:141][  0]LogTemp: Display: Loaded TP AndroidTargetPlatform
[2019.06.19-19.32.23:141][  0]LogTemp: Display: Loaded TP AndroidTargetPlatform
[2019.06.19-19.32.23:141][  0]LogTemp: Display: Loaded TP AndroidTargetPlatform
[2019.06.19-19.32.23:141][  0]LogTemp: Display: Loaded TP AndroidTargetPlatform
[2019.06.19-19.32.23:141][  0]LogTemp: Display: Loaded TP AndroidTargetPlatform
[2019.06.19-19.32.23:143][  0]LogTemp: Display: Loaded TP HTML5TargetPlatform
[2019.06.19-19.32.23:200][  0]LogTemp: Display: Loaded TP IOSTargetPlatform
[2019.06.19-19.32.23:200][  0]LogTemp: Display: Loaded TP IOSTargetPlatform
[2019.06.19-19.32.23:219][  0]LogTemp: Display: Loaded TP TVOSTargetPlatform
[2019.06.19-19.32.23:219][  0]LogTemp: Display: Loaded TP TVOSTargetPlatform
[2019.06.19-19.32.23:229][  0]LogTemp: Display: Loaded TP LinuxClientTargetPlatform
[2019.06.19-19.32.23:240][  0]LogTemp: Display: Loaded TP LinuxNoEditorTargetPlatform
[2019.06.19-19.32.23:251][  0]LogTemp: Display: Loaded TP LinuxServerTargetPlatform
[2019.06.19-19.32.23:261][  0]LogTemp: Display: Loaded TP LinuxTargetPlatform
[2019.06.19-19.32.23:299][  0]LogTemp: Display: Loaded TP LuminTargetPlatform
[2019.06.19-19.32.23:299][  0]LogTemp: Display: Loaded TP LuminTargetPlatform
[2019.06.19-19.32.23:299][  0]LogTargetPlatformManager: Display: Building Assets For Windows
[2019.06.19-19.32.23:355][  0]LogShaderCompilers: Guid format shader working directory is -40 characters bigger than the processId version (../../../../../../Users/u1196342/Documents/GitHub/SummerAssetPipeAS/OutOfClassCityCorner/Intermediate/Shaders/WorkingDirectory/10156/).
[2019.06.19-19.32.23:355][  0]LogShaderCompilers: Cleaned the shader compiler working directory 'C:/Users/u1196342/AppData/Local/Temp/UnrealShaderWorkingDir/A6AE232642D9E618878A6196C68F955E/'.
[2019.06.19-19.32.23:357][  0]LogXGEController: Cleaning working directory: C:/Users/u1196342/AppData/Local/Temp/UnrealXGEWorkingDir/
[2019.06.19-19.32.23:357][  0]LogXGEController: Cannot use XGE Controller as Incredibuild is not installed on this machine.
[2019.06.19-19.32.23:357][  0]LogShaderCompilers: Cannot use XGE Shader Compiler as Incredibuild is not installed on this machine.
[2019.06.19-19.32.23:357][  0]LogShaderCompilers: Display: Using Local Shader Compiler.
[2019.06.19-19.32.23:826][  0]LogDerivedDataCache: Display: Max Cache Size: 512 MB
[2019.06.19-19.32.23:878][  0]LogDerivedDataCache: Loaded boot cache 0.05s 71MB C:/Users/u1196342/AppData/Local/UnrealEngine/4.21/DerivedDataCache/Boot.ddc.
[2019.06.19-19.32.23:878][  0]LogDerivedDataCache: Display: Loaded Boot cache: C:/Users/u1196342/AppData/Local/UnrealEngine/4.21/DerivedDataCache/Boot.ddc
[2019.06.19-19.32.23:878][  0]LogDerivedDataCache: FDerivedDataBackendGraph:  Pak pak cache file ../../../../../../Users/u1196342/Documents/GitHub/SummerAssetPipeAS/OutOfClassCityCorner/DerivedDataCache/DDC.ddp not found, will not use a pak cache.
[2019.06.19-19.32.23:878][  0]LogDerivedDataCache: Unable to find inner node Pak for hierarchical cache Hierarchy.
[2019.06.19-19.32.23:878][  0]LogDerivedDataCache: FDerivedDataBackendGraph:  CompressedPak pak cache file ../../../../../../Users/u1196342/Documents/GitHub/SummerAssetPipeAS/OutOfClassCityCorner/DerivedDataCache/Compressed.ddp not found, will not use a pak cache.
[2019.06.19-19.32.23:878][  0]LogDerivedDataCache: Unable to find inner node CompressedPak for hierarchical cache Hierarchy.
[2019.06.19-19.32.23:892][  0]LogDerivedDataCache: Display: Pak cache opened for reading ../../../Engine/DerivedDataCache/Compressed.ddp.
[2019.06.19-19.32.23:892][  0]LogDerivedDataCache: FDerivedDataBackendGraph:  EnterprisePak pak cache file ../../../Enterprise/DerivedDataCache/Compressed.ddp not found, will not use a pak cache.
[2019.06.19-19.32.23:892][  0]LogDerivedDataCache: Unable to find inner node EnterprisePak for hierarchical cache Hierarchy.
[2019.06.19-19.32.23:904][  0]LogDerivedDataCache: Using Local data cache path C:/Users/u1196342/AppData/Local/UnrealEngine/Common/DerivedDataCache: Writable
[2019.06.19-19.32.23:904][  0]LogDerivedDataCache: Shared data cache path not found in *engine.ini, will not use an Shared cache.
[2019.06.19-19.32.23:904][  0]LogDerivedDataCache: Unable to find inner node Shared for hierarchical cache Hierarchy.
[2019.06.19-19.32.23:925][  0]LogMaterial: Verifying Global Shaders for PCD3D_SM5
[2019.06.19-19.32.23:926][  0]LogSlate: Using FreeType 2.6.0
[2019.06.19-19.32.23:927][  0]LogSlate: SlateFontServices - WITH_FREETYPE: 1, WITH_HARFBUZZ: 1
[2019.06.19-19.32.24:005][  0]LogAssetRegistry: FAssetRegistry took 0.0329 seconds to start up
[2019.06.19-19.32.24:294][  0]LogInit: Selected Device Profile: [Windows]
[2019.06.19-19.32.24:431][  0]LogSimplygon: Simplygon DLL not present - disabling.
[2019.06.19-19.32.24:435][  0]LogMeshReduction: Using SimplygonSwarm for distributed automatic mesh merging
[2019.06.19-19.32.24:435][  0]LogMeshReduction: Using ProxyLODMeshReduction for automatic mesh merging
[2019.06.19-19.32.24:435][  0]LogMeshReduction: Using QuadricMeshReduction for automatic static mesh reduction
[2019.06.19-19.32.24:435][  0]LogMeshReduction: No automatic skeletal mesh reduction module available
[2019.06.19-19.32.24:447][  0]LogNetVersion: OutOfClassCityCorner 1.0.0, NetCL: 4541578, EngineNetVer: 5, GameNetVer: 0 (Checksum: 1328236802)
[2019.06.19-19.32.24:919][  0]LogPackageLocalizationCache: Processed 11 localized package path(s) for 2 prioritized culture(s) in 0.084903 seconds
[2019.06.19-19.32.24:924][  0]LogUObjectArray: 39775 objects as part of root set at end of initial load.
[2019.06.19-19.32.24:924][  0]LogUObjectAllocator: 6914664 out of 0 bytes used by permanent object pool.
[2019.06.19-19.32.24:924][  0]LogUObjectArray: CloseDisregardForGC: 0/0 objects in disregard for GC pool
[2019.06.19-19.32.25:673][  0]LogTcpMessaging: Initializing TcpMessaging bridge
[2019.06.19-19.32.25:686][  0]LogUdpMessaging: Initializing bridge on interface 0.0.0.0:0 to multicast group 230.0.0.1:6666.
[2019.06.19-19.32.26:294][  0]SourceControl: Source control is disabled
[2019.06.19-19.32.26:294][  0]SourceControl: Source control is disabled
[2019.06.19-19.32.26:296][  0]SourceControl: Source control is disabled
[2019.06.19-19.32.26:297][  0]SourceControl: Source control is disabled
[2019.06.19-19.32.26:454][  0]LogAndroidPermission: UAndroidPermissionCallbackProxy::GetInstance
[2019.06.19-19.32.26:525][  0]LogOcInput: OculusInput pre-init called
[2019.06.19-19.32.26:653][  0]LogEngine: Initializing Engine...
[2019.06.19-19.32.26:653][  0]LogHMD: Failed to initialize OpenVR with code 110
[2019.06.19-19.32.26:654][  0]LogStats: UGameplayTagsManager::ConstructGameplayTagTree: ImportINI prefixes -  0.000 s
[2019.06.19-19.32.26:654][  0]LogStats: UGameplayTagsManager::ConstructGameplayTagTree: Construct from data asset -  0.000 s
[2019.06.19-19.32.26:654][  0]LogStats: UGameplayTagsManager::ConstructGameplayTagTree: ImportINI -  0.000 s
[2019.06.19-19.32.26:654][  0]LogStats: UGameplayTagsManager::ConstructGameplayTagTree: GameplayTagTreeChangedEvent.Broadcast -  0.000 s
[2019.06.19-19.32.26:861][  0]LogInit: Initializing FReadOnlyCVARCache
[2019.06.19-19.32.26:874][  0]LogAIModule: Creating AISystem for world Untitled
[2019.06.19-19.32.26:918][  0]LogInit: XAudio2 using '4 - CintiqPro24P (AMD High Definition Audio Device)' : 2 channels at 48 kHz using 16 bits per sample (channel mask 0x3)
[2019.06.19-19.32.26:946][  0]LogInit: FAudioDevice initialized.
[2019.06.19-19.32.26:946][  0]LogNetVersion: Set ProjectVersion to 1.0.0.0. Version Checksum will be recalculated on next use.
[2019.06.19-19.32.27:021][  0]LogDerivedDataCache: Saved boot cache 0.07s 71MB C:/Users/u1196342/AppData/Local/UnrealEngine/4.21/DerivedDataCache/Boot.ddc.
[2019.06.19-19.32.27:025][  0]LogInit: Texture streaming: Enabled
[2019.06.19-19.32.27:048][  0]LogEngineSessionManager: EngineSessionManager initialized
[2019.06.19-19.32.27:062][  0]LogInit: Transaction tracking system initialized
[2019.06.19-19.32.27:086][  0]BlueprintLog: New page: Editor Load
[2019.06.19-19.32.27:164][  0]LocalizationService: Localization service is disabled
[2019.06.19-19.32.27:569][  0]LogCook: Display: Max memory allowance for cook 16384mb min free memory 0mb
[2019.06.19-19.32.27:569][  0]LogCook: Display: Mobile HDR setting 1
[2019.06.19-19.32.27:569][  0]LogGameplayTags: Display: UGameplayTagsManager::DoneAddingNativeTags. DelegateIsBound: 0
[2019.06.19-19.32.27:569][  0]LogStats: UGameplayTagsManager::ConstructGameplayTagTree: ImportINI prefixes -  0.000 s
[2019.06.19-19.32.27:569][  0]LogStats: UGameplayTagsManager::ConstructGameplayTagTree: Construct from data asset -  0.000 s
[2019.06.19-19.32.27:569][  0]LogStats: UGameplayTagsManager::ConstructGameplayTagTree: ImportINI -  0.000 s
[2019.06.19-19.32.27:569][  0]LogStats: UGameplayTagsManager::ConstructGameplayTagTree: GameplayTagTreeChangedEvent.Broadcast -  0.000 s
[2019.06.19-19.32.27:634][  0]LogFileCache: Scanning file cache for directory 'C:/Users/u1196342/Documents/GitHub/SummerAssetPipeAS/OutOfClassCityCorner/Content/' took 0.03s
[2019.06.19-19.32.27:634][  0]LogLinker: Warning: Can't find file '/Engine/BasicShapes/Sphere'
[2019.06.19-19.32.27:635][  0]LogLinker: Warning: Can't find file '/Engine/BasicShapes/Sphere'
[2019.06.19-19.32.27:635][  0]LogUObjectGlobals: Warning: Failed to find object 'StaticMesh /Engine/BasicShapes/Sphere.Sphere'
[2019.06.19-19.32.27:689][  0]SourceControl: Source control is disabled
[2019.06.19-19.32.27:689][  0]Cmd: MAP LOAD FILE="../../../../../../Users/u1196342/Documents/GitHub/SummerAssetPipeAS/OutOfClassCityCorner/Content/testLevel.umap" TEMPLATE=0 SHOWPROGRESS=1 FEATURELEVEL=3
[2019.06.19-19.32.27:690][  0]LightingResults: New page: Lighting Build
[2019.06.19-19.32.27:692][  0]MapCheck: New page: Map Check
[2019.06.19-19.32.27:692][  0]LightingResults: New page: Lighting Build
[2019.06.19-19.32.28:723][  0]LogAIModule: Creating AISystem for world testLevel
[2019.06.19-19.32.28:862][  0]LogEditorServer: Finished looking for orphan Actors (0.000 secs)
[2019.06.19-19.32.28:907][  0]Cmd: MAP CHECKDEP NOCLEARLOG
[2019.06.19-19.32.28:907][  0]MapCheck: Map check complete: 0 Error(s), 0 Warning(s), took 0.542ms to complete.
[2019.06.19-19.32.28:907][  0]LogFileHelpers: Loading map 'testLevel' took 1.218
[2019.06.19-19.32.29:015][  0]LogSlate: Updating window title bar state: overlay mode, drag disabled, window buttons hidden, title bar hidden
[2019.06.19-19.32.29:023][  0]LogSlate: Updating window title bar state: overlay mode, drag disabled, window buttons hidden, title bar hidden
[2019.06.19-19.32.29:030][  0]LogSlate: Updating window title bar state: overlay mode, drag disabled, window buttons hidden, title bar hidden
[2019.06.19-19.32.29:037][  0]LogSlate: Updating window title bar state: overlay mode, drag disabled, window buttons hidden, title bar hidden
[2019.06.19-19.32.29:043][  0]LogCollectionManager: Loaded 0 collections in 0.001717 seconds
[2019.06.19-19.32.29:058][  0]LogFileCache: Scanning file cache for directory 'C:/Users/u1196342/Documents/GitHub/SummerAssetPipeAS/OutOfClassCityCorner/Saved/Collections/' took 0.01s
[2019.06.19-19.32.29:058][  0]LogFileCache: Scanning file cache for directory 'C:/Users/u1196342/Documents/GitHub/SummerAssetPipeAS/OutOfClassCityCorner/Content/Developers/u1196342/Collections/' took 0.00s
[2019.06.19-19.32.29:058][  0]LogFileCache: Scanning file cache for directory 'C:/Users/u1196342/Documents/GitHub/SummerAssetPipeAS/OutOfClassCityCorner/Content/Collections/' took 0.00s
[2019.06.19-19.32.29:058][  0]LogCollectionManager: Rebuilt the GUID cache for 0 collections in 0.000000 seconds
[2019.06.19-19.32.29:065][  0]LogContentBrowser: Native class hierarchy populated in 0.0071 seconds. Added 2651 classes and 620 folders.
[2019.06.19-19.32.29:071][  0]LogContentBrowser: Native class hierarchy updated for 'WidgetCarousel' in 0.0002 seconds. Added 0 classes and 0 folders.
[2019.06.19-19.32.29:073][  0]LogPakFile: Registered encryption key '00000000000000000000000000000000': 0 pak files mounted, 0 remain pending
[2019.06.19-19.32.29:073][  0]LogPakFile: Registered encryption key '00000000000000000000000000000000': 0 pak files mounted, 0 remain pending
[2019.06.19-19.32.29:073][  0]LogPakFile: Registered encryption key '00000000000000000000000000000000': 0 pak files mounted, 0 remain pending
[2019.06.19-19.32.29:074][  0]LogPakFile: Registered encryption key '00000000000000000000000000000000': 0 pak files mounted, 0 remain pending
[2019.06.19-19.32.29:074][  0]LogPakFile: Registered encryption key '00000000000000000000000000000000': 0 pak files mounted, 0 remain pending
[2019.06.19-19.32.29:075][  0]LogPakFile: Registered encryption key '00000000000000000000000000000000': 0 pak files mounted, 0 remain pending
[2019.06.19-19.32.29:075][  0]LogPakFile: Registered encryption key '00000000000000000000000000000000': 0 pak files mounted, 0 remain pending
[2019.06.19-19.32.29:075][  0]LogPakFile: Registered encryption key '00000000000000000000000000000000': 0 pak files mounted, 0 remain pending
[2019.06.19-19.32.29:076][  0]LogPakFile: Registered encryption key '00000000000000000000000000000000': 0 pak files mounted, 0 remain pending
[2019.06.19-19.32.29:076][  0]LogPakFile: Registered encryption key '00000000000000000000000000000000': 0 pak files mounted, 0 remain pending
[2019.06.19-19.32.29:076][  0]LogPakFile: Registered encryption key '00000000000000000000000000000000': 0 pak files mounted, 0 remain pending
[2019.06.19-19.32.29:077][  0]LogPakFile: Registered encryption key '00000000000000000000000000000000': 0 pak files mounted, 0 remain pending
[2019.06.19-19.32.29:077][  0]LogPakFile: Registered encryption key '00000000000000000000000000000000': 0 pak files mounted, 0 remain pending
[2019.06.19-19.32.29:078][  0]LogPakFile: Registered encryption key '00000000000000000000000000000000': 0 pak files mounted, 0 remain pending
[2019.06.19-19.32.29:078][  0]LogPakFile: Registered encryption key '00000000000000000000000000000000': 0 pak files mounted, 0 remain pending
[2019.06.19-19.32.29:079][  0]LogPakFile: Registered encryption key '00000000000000000000000000000000': 0 pak files mounted, 0 remain pending
[2019.06.19-19.32.29:079][  0]LogPakFile: Registered encryption key '00000000000000000000000000000000': 0 pak files mounted, 0 remain pending
[2019.06.19-19.32.29:079][  0]LogPakFile: Registered encryption key '00000000000000000000000000000000': 0 pak files mounted, 0 remain pending
[2019.06.19-19.32.29:080][  0]LogPakFile: Registered encryption key '00000000000000000000000000000000': 0 pak files mounted, 0 remain pending
[2019.06.19-19.32.29:080][  0]LogPakFile: Registered encryption key '00000000000000000000000000000000': 0 pak files mounted, 0 remain pending
[2019.06.19-19.32.29:081][  0]LogPakFile: Registered encryption key '00000000000000000000000000000000': 0 pak files mounted, 0 remain pending
[2019.06.19-19.32.29:081][  0]LogPakFile: Registered encryption key '00000000000000000000000000000000': 0 pak files mounted, 0 remain pending
[2019.06.19-19.32.29:081][  0]LogPakFile: Registered encryption key '00000000000000000000000000000000': 0 pak files mounted, 0 remain pending
[2019.06.19-19.32.29:082][  0]LogPakFile: Registered encryption key '00000000000000000000000000000000': 0 pak files mounted, 0 remain pending
[2019.06.19-19.32.29:082][  0]LogPakFile: Registered encryption key '00000000000000000000000000000000': 0 pak files mounted, 0 remain pending
[2019.06.19-19.32.29:083][  0]LogPakFile: Registered encryption key '00000000000000000000000000000000': 0 pak files mounted, 0 remain pending
[2019.06.19-19.32.29:116][  0]LogContentBrowser: Native class hierarchy updated for 'AddContentDialog' in 0.0002 seconds. Added 0 classes and 0 folders.
[2019.06.19-19.32.29:121][  0]LogContentBrowser: Native class hierarchy updated for 'SceneOutliner' in 0.0002 seconds. Added 1 classes and 2 folders.
[2019.06.19-19.32.30:214][  0]LogSlate: Only BGRA pngs, bmps or icos are supported in by External Image Picker
[2019.06.19-19.32.30:243][  0]LogSlate: Took 0.000164 seconds to synchronously load lazily loaded font '../../../Engine/Content/Slate/Fonts/Roboto-Regular.ttf' (155K)
[2019.06.19-19.32.30:245][  0]LogSlate: Took 0.000172 seconds to synchronously load lazily loaded font '../../../Engine/Content/Slate/Fonts/Roboto-Bold.ttf' (160K)
[2019.06.19-19.32.30:251][  0]LogSlate: Took 0.000156 seconds to synchronously load lazily loaded font '../../../Engine/Content/Editor/Slate/Fonts/FontAwesome.ttf' (139K)
[2019.06.19-19.32.30:334][  0]LogTemp: Executing iPhonePackager certificates Engine -bundlename com.YourCompany.OutOfClassCityCorner
[2019.06.19-19.32.30:334][  0]LogTemp: CWD: C:\Program Files\Epic Games\UE_4.21\Engine\Binaries\DotNET\IOS
[2019.06.19-19.32.30:334][  0]LogTemp: Initial Dir: C:\Program Files\Epic Games\UE_4.21
[2019.06.19-19.32.30:334][  0]LogTemp: Env CWD: C:\Program Files\Epic Games\UE_4.21\Engine\Binaries\DotNET\IOS
[2019.06.19-19.32.30:334][  0]LogTemp: BranchPath = eae-n-028/C/Program Files/Epic Games/UE_4.21/Engine/Binaries --- GameBranchPath = eae-n-028/C/Program Files/Epic Games/UE_4.21/Engine/Binaries
[2019.06.19-19.32.30:334][  0]LogTemp: IPP ERROR: Could not find provision directory 'C:\Users\u1196342\AppData\Local/Apple Computer/MobileDevice/Provisioning Profiles/'.
[2019.06.19-19.32.30:334][  0]LogRenderer: Reallocating scene render targets to support 1208x576 Format 10 NumSamples 1 (Frame:1).
[2019.06.19-19.32.30:513][  0]LogContentBrowser: Native class hierarchy updated for 'HierarchicalLODOutliner' in 0.0003 seconds. Added 0 classes and 0 folders.
[2019.06.19-19.32.30:513][  0]LogLoad: (Engine Initialization) Total time: 10.18 seconds
[2019.06.19-19.32.30:513][  0]LogLoad: (Engine Initialization) Total Blueprint compile time: 0.00 seconds
[2019.06.19-19.32.30:524][  0]LogWindowsTextInputMethodSystem: Display: IME system now deactivated.
[2019.06.19-19.32.30:605][  0]LogAssetRegistry: Asset discovery search completed in 6.6226 seconds
[2019.06.19-19.32.30:607][  0]LogCollectionManager: Rebuilt the object cache for 0 collections in 0.000000 seconds (found 0 objects)
[2019.06.19-19.32.30:607][  0]LogCollectionManager: Fixed up redirectors for 0 collections in 0.000047 seconds (updated 0 objects)
[2019.06.19-19.32.30:608][  0]LogContentStreaming: Texture pool size now 1000 MB
[2019.06.19-19.32.35:683][549]LogFileCache: Retrieving MD5 hashes for directory 'C:/Users/u1196342/Documents/GitHub/SummerAssetPipeAS/OutOfClassCityCorner/Content/' took 5.15s
[2019.06.19-19.36.32:588][618]LogSlate: FSceneViewport::OnFocusLost() reason 0
[2019.06.19-19.54.45:765][ 43]LogEditorViewport: Clicking on Actor (LMB): StaticMeshActor (rectangleBlock933)
[2019.06.19-19.54.46:919][134]LogEditorViewport: Clicking Background
[2019.06.19-19.54.46:919][134]LogDialogs: Warning: Suppressed: There are 5,347 selected actors. Are you sure you want to deselect them all?
[2019.06.19-19.54.46:925][134]LogSlate: Took 0.000191 seconds to synchronously load lazily loaded font '../../../Engine/Content/Slate/Fonts/Roboto-Light.ttf' (167K)
[2019.06.19-19.54.46:948][134]LogSlate: FSceneViewport::OnFocusLost() reason 2
[2019.06.19-20.14.58:936][787]LogSlate: FSceneViewport::OnFocusLost() reason 2
[2019.06.19-20.17.09:786][681]LogEditorViewport: Clicking Background
[2019.06.19-20.17.09:786][681]LogDialogs: Warning: Suppressed: There are 5,348 selected actors. Are you sure you want to deselect them all?
[2019.06.19-20.17.09:900][681]LogSlate: FSceneViewport::OnFocusLost() reason 2
[2019.06.19-20.17.21:029][973]LogSlate: FSceneViewport::OnFocusLost() reason 2
[2019.06.19-20.17.21:283][  2]LogSlate: FSceneViewport::OnFocusLost() reason 2
[2019.06.19-20.17.21:682][ 48]LogSlate: FSceneViewport::OnFocusLost() reason 2
[2019.06.19-20.17.30:531][600]LogUnrealEdMisc: Warning: Heartbeat event firing too frequently (47.100 sec). This should never happen. Something is wrong with the timer delegate!
[2019.06.19-20.17.34:585][866]LogEditorViewport: Clicking on Actor (LMB): StaticMeshActor (rectangleBlock5019)
[2019.06.19-20.17.37:126][130]Cmd: DELETE
[2019.06.19-20.17.37:126][130]Cmd: ACTOR DELETE
[2019.06.19-20.17.37:246][130]LogEditorActor: Deleted Actor: StaticMeshActor
[2019.06.19-20.17.37:246][130]LogEditorActor: Deleted Actor: StaticMeshActor
[2019.06.19-20.17.37:273][130]LogEditorActor: Deleted 2 Actors (0.146 secs)
[2019.06.19-20.17.38:148][225]LogEditorViewport: Clicking on Actor (LMB): StaticMeshActor (rectangleBlock5018)
[2019.06.19-20.17.39:201][298]LogEditorViewport: Clicking on Actor (LMB): StaticMeshActor (rectangleBlock5017)
[2019.06.19-20.17.40:926][445]LogEditorViewport: Clicking on Actor (LMB): StaticMeshActor (rectangleBlock5021)
[2019.06.19-20.17.44:753][856]Cmd: DELETE
[2019.06.19-20.17.44:753][856]Cmd: ACTOR DELETE
[2019.06.19-20.17.44:869][856]LogEditorActor: Deleted Actor: StaticMeshActor
[2019.06.19-20.17.44:894][856]LogEditorActor: Deleted 1 Actors (0.142 secs)
[2019.06.19-20.17.45:305][893]LogEditorViewport: Clicking on Actor (LMB): StaticMeshActor (rectangleBlock5022)
[2019.06.19-20.17.45:426][898]Cmd: DELETE
[2019.06.19-20.17.45:427][898]Cmd: ACTOR DELETE
[2019.06.19-20.17.45:549][898]LogEditorActor: Deleted Actor: StaticMeshActor
[2019.06.19-20.17.45:572][898]LogEditorActor: Deleted 1 Actors (0.145 secs)
[2019.06.19-20.17.45:963][932]LogEditorViewport: Clicking on Actor (LMB): StaticMeshActor (rectangleBlock5023)
[2019.06.19-20.17.46:049][934]Cmd: DELETE
[2019.06.19-20.17.46:049][934]Cmd: ACTOR DELETE
[2019.06.19-20.17.46:170][934]LogEditorActor: Deleted Actor: StaticMeshActor
[2019.06.19-20.17.46:194][934]LogEditorActor: Deleted 1 Actors (0.144 secs)
[2019.06.19-20.17.46:530][963]LogEditorViewport: Clicking on Actor (LMB): StaticMeshActor (rectangleBlock5024)
[2019.06.19-20.17.46:644][967]Cmd: DELETE
[2019.06.19-20.17.46:644][967]Cmd: ACTOR DELETE
[2019.06.19-20.17.46:764][967]LogEditorActor: Deleted Actor: StaticMeshActor
[2019.06.19-20.17.46:789][967]LogEditorActor: Deleted 1 Actors (0.145 secs)
[2019.06.19-20.17.47:179][  3]LogEditorViewport: Clicking on Actor (LMB): StaticMeshActor (rectangleBlock5025)
[2019.06.19-20.17.47:260][  4]Cmd: DELETE
[2019.06.19-20.17.47:260][  4]Cmd: ACTOR DELETE
[2019.06.19-20.17.47:378][  4]LogEditorActor: Deleted Actor: StaticMeshActor
[2019.06.19-20.17.47:404][  4]LogEditorActor: Deleted 1 Actors (0.143 secs)
[2019.06.19-20.17.49:294][165]LogEditorViewport: Clicking on Actor (LMB): StaticMeshActor (rectangleBlock2428)
[2019.06.19-20.17.49:810][183]LogEditorViewport: Clicking on Actor (LMB): StaticMeshActor (rectangleBlock5018)
[2019.06.19-20.17.56:046][786]Cmd: TRANSACTION UNDO
[2019.06.19-20.17.56:046][786]LogEditorTransaction: Undo Move Actors
[2019.06.19-20.17.56:823][807]LogSlate: FSceneViewport::OnFocusLost() reason 0
[2019.06.19-20.18.03:177][402]LogSlate: FSceneViewport::OnFocusLost() reason 2
[2019.06.19-20.18.12:963][689]LogSlate: FSceneViewport::OnFocusLost() reason 2
[2019.06.19-20.18.27:138][543]LogSlate: FSceneViewport::OnFocusLost() reason 0
[2019.06.19-20.18.49:547][610]LogSlate: FSceneViewport::OnFocusLost() reason 0
[2019.06.19-20.18.57:347][ 30]LogEditorViewport: Clicking on Actor (context menu): StaticMeshActor (rectangleBlock3950)
[2019.06.19-20.18.57:416][ 30]LogSlate: FSceneViewport::OnFocusLost() reason 2
[2019.06.19-20.18.59:118][151]LogSlate: FSceneViewport::OnFocusLost() reason 2
[2019.06.19-20.19.07:399][197]LogSlate: Window 'Create Merged Actor' being destroyed
[2019.06.19-20.19.07:412][197]LogSlate: FSceneViewport::OnFocusLost() reason 2
[2019.06.19-20.19.20:725][197]LogStaticMesh: Building static mesh SM_MERGED_rectangleBlock2645...
[2019.06.19-20.19.29:631][197]LogStaticMesh: Built static mesh [8.91s] /Game/SM_MERGED_rectangleBlock2645.SM_MERGED_rectangleBlock2645
[2019.06.19-20.19.32:719][197]LogSlate: FSceneViewport::OnFocusLost() reason 2
[2019.06.19-20.19.36:951][329]LogSlate: Window 'Merge Actors' being destroyed
[2019.06.19-20.19.36:960][329]LogSlate: Window 'Merge Actors' being destroyed
[2019.06.19-20.19.37:620][357]LogSlate: FSceneViewport::OnFocusLost() reason 0
[2019.06.19-20.19.57:055][809]LogSlate: Window 'Save Content' being destroyed
[2019.06.19-20.19.57:743][809]LogSavePackage: Moving '../../../../../../Users/u1196342/Documents/GitHub/SummerAssetPipeAS/OutOfClassCityCorner/Saved/SM_MERGED_rectangleBlock26450514AFBB479D10665D90A38311AA4885.tmp' to '../../../../../../Users/u1196342/Documents/GitHub/SummerAssetPipeAS/OutOfClassCityCorner/Content/SM_MERGED_rectangleBlock2645.uasset'
[2019.06.19-20.20.01:277][809]LogSavePackage: Moving '../../../../../../Users/u1196342/Documents/GitHub/SummerAssetPipeAS/OutOfClassCityCorner/Saved/testLevel3B7066034300E26CF9D8A2B1169CEA9D.tmp' to '../../../../../../Users/u1196342/Documents/GitHub/SummerAssetPipeAS/OutOfClassCityCorner/Content/testLevel.umap'
[2019.06.19-20.20.01:341][809]LogFileHelpers: Saving map 'testLevel' took 3.593
[2019.06.19-20.20.07:261][ 44]LogSlate: Window 'Asset Report' being destroyed
[2019.06.19-20.20.29:945][295]LogLinker: Warning: Can't find file '/Game/MyCityLevel_BuiltData'
[2019.06.19-20.20.29:945][295]LogLinker: Warning: Can't find file for asset '/Game/MyCityLevel_BuiltData' while loading ../../../../../../Users/u1196342/Documents/GitHub/SummerAssetPipeAS/OutOfClassCityCorner/Content/MyCityLevel.umap.
[2019.06.19-20.20.29:945][295]LoadErrors: Error: /Game/MyCityLevel : Can't find file for asset. /Game/MyCityLevel_BuiltData
[2019.06.19-20.20.29:947][295]LogLinker: Warning: Can't find file '/Game/MyCityLevel_BuiltData'
[2019.06.19-20.20.29:947][295]LogLinker: Warning: Can't find file for asset '/Game/MyCityLevel_BuiltData' while loading ../../../../../../Users/u1196342/Documents/GitHub/SummerAssetPipeAS/OutOfClassCityCorner/Content/MyCityLevel.umap.
[2019.06.19-20.20.29:950][295]LogLinker: Warning: Can't find file '/Game/MyCityLevel_BuiltData'
[2019.06.19-20.20.29:950][295]LogLinker: Warning: Can't find file for asset '/Game/MyCityLevel_BuiltData' while loading NULL.
[2019.06.19-20.20.29:950][295]LogLinker: Warning: Can't find file '/Game/MyCityLevel_BuiltData'
[2019.06.19-20.20.29:950][295]LogLinker: Warning: Can't find file for asset '/Game/MyCityLevel_BuiltData' while loading NULL.
[2019.06.19-20.20.30:584][295]LogLinker: Warning: Can't find file '/Game/MyCityLevel_BuiltData'
[2019.06.19-20.20.30:584][295]LoadErrors: Failed to load /Game/MyCityLevel_BuiltData.MyCityLevel_BuiltData Referenced by PersistentLevel
[2019.06.19-20.20.30:584][295]LogLinker: Warning: Can't find file for asset '/Game/MyCityLevel_BuiltData' while loading NULL.
[2019.06.19-20.20.30:837][295]LogAIModule: Creating AISystem for world MyCityLevel
[2019.06.19-20.20.39:824][932]LogEditorViewport: Clicking Background
[2019.06.19-20.20.40:530][965]LogSlate: FSceneViewport::OnFocusLost() reason 0
[2019.06.19-20.20.47:804][608]LogSlate: Window 'Asset Report' being destroyed
[2019.06.19-20.23.30:888][564]LogSlate: Window 'Asset Report' being destroyed
[2019.06.19-20.27.30:935][495]LogSlate: FSceneViewport::OnFocusLost() reason 2
[2019.06.19-20.27.44:643][796]Cmd: TRANSACTION UNDO
[2019.06.19-20.27.44:643][796]LogEditorTransaction: Undo Move Actors
[2019.06.19-20.27.49:135][854]LogSlate: FSceneViewport::OnFocusLost() reason 0
[2019.06.19-20.28.14:753][497]LogEditorViewport: Clicking on Actor (CTRL LMB): PostProcessVolume (PostProcessVolume)
[2019.06.19-20.28.21:190][639]LogSlate: FSceneViewport::OnFocusLost() reason 2
[2019.06.19-20.28.24:372][846]LogSlate: FSceneViewport::OnFocusLost() reason 2
[2019.06.19-20.28.28:615][882]LogSlate: Window 'Create Merged Actor' being destroyed
[2019.06.19-20.28.28:628][882]LogSlate: FSceneViewport::OnFocusLost() reason 2
[2019.06.19-20.28.47:011][882]LogStaticMesh: Building static mesh SM_MERGED_rectangleBlock5...
[2019.06.19-20.29.00:137][882]LogStaticMesh: Built static mesh [13.13s] /Game/SM_MERGED_rectangleBlock5.SM_MERGED_rectangleBlock5
[2019.06.19-20.29.05:720][882]LogSlate: FSceneViewport::OnFocusLost() reason 2
[2019.06.19-20.29.12:066][992]LogSlate: Window 'Merge Actors' being destroyed
[2019.06.19-20.29.12:080][992]LogSlate: Window 'Merge Actors' being destroyed
[2019.06.19-20.29.15:643][ 68]LogSlate: FSceneViewport::OnFocusLost() reason 0
[2019.06.19-20.29.18:559][ 86]LogSlate: Window 'Delete Assets' being destroyed
[2019.06.19-20.29.18:568][ 86]LogSlate: FSceneViewport::OnFocusLost() reason 2
[2019.06.19-20.29.18:589][ 86]LogSlate: FSceneViewport::OnFocusLost() reason 2
[2019.06.19-20.29.18:602][ 86]LogSlate: FSceneViewport::OnFocusLost() reason 2
[2019.06.19-20.29.23:479][185]LogSlate: FSceneViewport::OnFocusLost() reason 0
[2019.06.19-20.29.30:551][342]LogUnrealEdMisc: Warning: Heartbeat event firing too frequently (24.043 sec). This should never happen. Something is wrong with the timer delegate!
[2019.06.19-20.29.32:562][378]LogMetaData: Removing '/Game/CityBlockFinal.CityBlockFinal_C' ref from Metadata '/Game/testLevel.PackageMetaData'
[2019.06.19-20.29.32:562][378]LogMetaData: Removing '/Game/CityBlockFinal.CityBlockFinal:PersistentLevel.CityBlockFinal.EventGraph.K2Node_Event_0' ref from Metadata '/Game/testLevel.PackageMetaData'
[2019.06.19-20.29.32:562][378]LogMetaData: Removing '/Game/CityBlockFinal.CityBlockFinal:PersistentLevel.CityBlockFinal.EventGraph.K2Node_Event_1' ref from Metadata '/Game/testLevel.PackageMetaData'
[2019.06.19-20.29.32:562][378]LogMetaData: Removing '/Game/CityBlockFinal.SKEL_CityBlockFinal_C' ref from Metadata '/Game/testLevel.PackageMetaData'
[2019.06.19-20.29.32:650][378]LogSlate: FSceneViewport::OnFocusLost() reason 2
[2019.06.19-20.29.36:483][378]LogSavePackage: Moving '../../../../../../Users/u1196342/Documents/GitHub/SummerAssetPipeAS/OutOfClassCityCorner/Saved/CityBlockFinal8B173868483FE31EA4E40B8DA941BA94.tmp' to '../../../../../../Users/u1196342/Documents/GitHub/SummerAssetPipeAS/OutOfClassCityCorner/Content/CityBlockFinal.umap'
[2019.06.19-20.29.36:509][378]LogFileHelpers: Saving map 'CityBlockFinal' took 3.853
[2019.06.19-20.29.36:517][378]LogSlate: FSceneViewport::OnFocusLost() reason 2
[2019.06.19-20.29.36:689][378]LogSlate: FSceneViewport::OnFocusLost() reason 2
[2019.06.19-20.29.36:905][378]LogSlate: FSceneViewport::OnFocusLost() reason 2
[2019.06.19-20.29.39:277][431]LogEditorViewport: Clicking Background
[2019.06.19-20.29.39:277][431]LogDialogs: Warning: Suppressed: There are 5,343 selected actors. Are you sure you want to deselect them all?
[2019.06.19-20.29.39:384][431]LogSlate: FSceneViewport::OnFocusLost() reason 2
[2019.06.19-20.29.40:473][451]LogSlate: FSceneViewport::OnFocusLost() reason 2
[2019.06.19-20.29.41:217][535]LogSlate: FSceneViewport::OnFocusLost() reason 2
[2019.06.19-20.29.42:448][535]LogSavePackage: Moving '../../../../../../Users/u1196342/Documents/GitHub/SummerAssetPipeAS/OutOfClassCityCorner/Saved/SM_MERGED_rectangleBlock5A0B3D0684EA83240E7BAF2A07F4555B2.tmp' to '../../../../../../Users/u1196342/Documents/GitHub/SummerAssetPipeAS/OutOfClassCityCorner/Content/SM_MERGED_rectangleBlock5.uasset'
[2019.06.19-20.29.50:832][739]LogSlate: FSceneViewport::OnFocusLost() reason 0
