Log file open, 05/24/19 15:21:19
LogWindows: Failed to load 'aqProf.dll' (GetLastError=126)
LogWindows: File 'aqProf.dll' does not exist
LogWindows: Failed to load 'VtuneApi.dll' (GetLastError=126)
LogWindows: File 'VtuneApi.dll' does not exist
LogWindows: Failed to load 'VtuneApi32e.dll' (GetLastError=126)
LogWindows: File 'VtuneApi32e.dll' does not exist
LogConsoleResponse: Display: Failed to find resolution value strings in scalability ini. Falling back to default.
LogInit: Display: Running engine for game: EAE3010SRassign001
LogPakFile: Registered encryption key '00000000000000000000000000000000': 0 pak files mounted, 0 remain pending
LogPlatformFile: Not using cached read wrapper
LogTaskGraph: Started task graph with 5 named threads and 23 total threads with 3 sets of task threads.
LogStats: Stats thread started at 0.848854
LogD3D11RHI: Loaded GFSDK_Aftermath_Lib.x64.dll
LogICUInternationalization: ICU TimeZone Detection - Raw Offset: -7:00, Platform Override: ''
LogPluginManager: Mounting plugin Paper2D
LogPluginManager: Mounting plugin AISupport
LogPluginManager: Mounting plugin LightPropagationVolume
LogPluginManager: Mounting plugin ActorLayerUtilities
LogPluginManager: Mounting plugin CLionSourceCodeAccess
LogPluginManager: Mounting plugin CodeLiteSourceCodeAccess
LogPluginManager: Mounting plugin GitSourceControl
LogPluginManager: Mounting plugin KDevelopSourceCodeAccess
LogPluginManager: Mounting plugin NullSourceCodeAccess
LogPluginManager: Mounting plugin PerforceSourceControl
LogPluginManager: Mounting plugin SubversionSourceControl
LogPluginManager: Mounting plugin UObjectPlugin
LogPluginManager: Mounting plugin VisualStudioCodeSourceCodeAccess
LogPluginManager: Mounting plugin VisualStudioSourceCodeAccess
LogPluginManager: Mounting plugin XCodeSourceCodeAccess
LogPluginManager: Mounting plugin AssetManagerEditor
LogPluginManager: Mounting plugin CryptoKeys
LogPluginManager: Mounting plugin DataValidation
LogPluginManager: Mounting plugin FacialAnimation
LogPluginManager: Mounting plugin GameplayTagsEditor
LogPluginManager: Mounting plugin MacGraphicsSwitching
LogPluginManager: Mounting plugin MeshEditor
LogPluginManager: Mounting plugin MobileLauncherProfileWizard
LogPluginManager: Mounting plugin PluginBrowser
LogPluginManager: Mounting plugin SpeedTreeImporter
LogPluginManager: Mounting plugin DatasmithContent
LogPluginManager: Mounting plugin VariantManagerContent
LogPluginManager: Mounting plugin AlembicImporter
LogPluginManager: Mounting plugin AppleImageUtils
LogPluginManager: Mounting plugin AppleVision
LogPluginManager: Mounting plugin BackChannel
LogPluginManager: Mounting plugin CharacterAI
LogPluginManager: Mounting plugin GeometryCache
LogPluginManager: Mounting plugin HTML5Networking
LogPluginManager: Mounting plugin ProxyLODPlugin
LogPluginManager: Mounting plugin MagicLeap
LogPluginManager: Mounting plugin MagicLeapMedia
LogPluginManager: Mounting plugin AndroidMedia
LogPluginManager: Mounting plugin AvfMedia
LogPluginManager: Mounting plugin ImgMedia
LogPluginManager: Mounting plugin LinearTimecode
LogPluginManager: Mounting plugin MediaCompositing
LogPluginManager: Mounting plugin MediaPlayerEditor
LogPluginManager: Mounting plugin WebMMedia
LogPluginManager: Mounting plugin WmfMedia
LogPluginManager: Mounting plugin TcpMessaging
LogPluginManager: Mounting plugin UdpMessaging
LogPluginManager: Mounting plugin ActorSequence
LogPluginManager: Mounting plugin LevelSequenceEditor
LogPluginManager: Mounting plugin MatineeToLevelSequence
LogPluginManager: Mounting plugin NetcodeUnitTest
LogPluginManager: Mounting plugin NUTUnrealEngine4
LogPluginManager: Mounting plugin OnlineSubsystemGooglePlay
LogPluginManager: Mounting plugin OnlineSubsystemIOS
LogPluginManager: Mounting plugin OnlineSubsystem
LogPluginManager: Mounting plugin OnlineSubsystemNull
LogPluginManager: Mounting plugin OnlineSubsystemUtils
LogPluginManager: Mounting plugin LauncherChunkInstaller
LogPluginManager: Mounting plugin AndroidDeviceProfileSelector
LogPluginManager: Mounting plugin AndroidMoviePlayer
LogPluginManager: Mounting plugin AndroidPermission
LogPluginManager: Mounting plugin AppleMoviePlayer
LogPluginManager: Mounting plugin ArchVisCharacter
LogPluginManager: Mounting plugin AudioCapture
LogPluginManager: Mounting plugin CableComponent
LogPluginManager: Mounting plugin CustomMeshComponent
LogPluginManager: Mounting plugin EditableMesh
LogPluginManager: Mounting plugin ExampleDeviceProfileSelector
LogPluginManager: Mounting plugin Firebase
LogPluginManager: Mounting plugin GoogleCloudMessaging
LogPluginManager: Mounting plugin IOSDeviceProfileSelector
LogPluginManager: Mounting plugin LinuxDeviceProfileSelector
LogPluginManager: Mounting plugin LocationServicesBPLibrary
LogPluginManager: Mounting plugin MobilePatchingUtils
LogPluginManager: Mounting plugin OculusVR
LogPluginManager: Mounting plugin PhysXVehicles
LogPluginManager: Mounting plugin ProceduralMeshComponent
LogPluginManager: Mounting plugin RuntimePhysXCooking
LogPluginManager: Mounting plugin SteamVR
LogPluginManager: Mounting plugin WebMMoviePlayer
LogPluginManager: Mounting plugin WindowsMoviePlayer
LogStreaming: Display: Took  0.110s to configure plugins.
LogInit: Using libcurl 7.55.1-DEV
LogInit:  - built for x86_64-pc-win32
LogInit:  - supports SSL with OpenSSL/1.0.2h
LogInit:  - supports HTTP deflate (compression) using libz 1.2.8
LogInit:  - other features:
LogInit:      CURL_VERSION_SSL
LogInit:      CURL_VERSION_LIBZ
LogInit:      CURL_VERSION_IPV6
LogInit:      CURL_VERSION_ASYNCHDNS
LogInit:      CURL_VERSION_LARGEFILE
LogInit:      CURL_VERSION_IDN
LogInit:  CurlRequestOptions (configurable via config and command line):
LogInit:  - bVerifyPeer = true  - Libcurl will verify peer certificate
LogInit:  - bUseHttpProxy = false  - Libcurl will NOT use HTTP proxy
LogInit:  - bDontReuseConnections = false  - Libcurl will reuse connections
LogInit:  - MaxHostConnections = 16  - Libcurl will limit the number of connections to a host
LogInit:  - LocalHostAddr = Default
LogInit:  - BufferSize = 65536
LogInit: WinSock: version 1.1 (2.2), MaxSocks=32767, MaxUdp=65467
LogInit: Build: ++UE4+Release-4.21-CL-4753647
LogInit: Engine Version: 4.21.2-4753647+++UE4+Release-4.21
LogInit: Compatible Engine Version: 4.21.0-4541578+++UE4+Release-4.21
LogInit: Net CL: 4541578
LogInit: OS: Windows 10 (), CPU: Intel(R) Core(TM) i7-7700HQ CPU @ 2.80GHz, GPU: Intel(R) HD Graphics 630
LogInit: Compiled (64-bit): Jan 19 2019 02:07:31
LogInit: Compiled with Visual C++: 19.13.26129.00
LogInit: Build Configuration: Development
LogInit: Branch Name: ++UE4+Release-4.21
LogInit: Command Line: 
LogInit: Base Directory: C:/Program Files/Epic Games/UE_4.21/Engine/Binaries/Win64/
LogInit: Installed Engine Build: 1
LogDevObjectVersion: Number of dev versions registered: 22
LogDevObjectVersion:   Dev-Blueprints (B0D832E4-1F89-4F0D-ACCF-7EB736FD4AA2): 10
LogDevObjectVersion:   Dev-Build (E1C64328-A22C-4D53-A36C-8E866417BD8C): 0
LogDevObjectVersion:   Dev-Core (375EC13C-06E4-48FB-B500-84F0262A717E): 2
LogDevObjectVersion:   Dev-Editor (E4B068ED-F494-42E9-A231-DA0B2E46BB41): 26
LogDevObjectVersion:   Dev-Framework (CFFC743F-43B0-4480-9391-14DF171D2073): 34
LogDevObjectVersion:   Dev-Mobile (B02B49B5-BB20-44E9-A304-32B752E40360): 2
LogDevObjectVersion:   Dev-Networking (A4E4105C-59A1-49B5-A7C5-40C4547EDFEE): 0
LogDevObjectVersion:   Dev-Online (39C831C9-5AE6-47DC-9A44-9C173E1C8E7C): 0
LogDevObjectVersion:   Dev-Physics (78F01B33-EBEA-4F98-B9B4-84EACCB95AA2): 0
LogDevObjectVersion:   Dev-Platform (6631380F-2D4D-43E0-8009-CF276956A95A): 0
LogDevObjectVersion:   Dev-Rendering (12F88B9F-8875-4AFC-A67C-D90C383ABD29): 27
LogDevObjectVersion:   Dev-Sequencer (7B5AE74C-D270-4C10-A958-57980B212A5A): 9
LogDevObjectVersion:   Dev-VR (D7296918-1DD6-4BDD-9DE2-64A83CC13884): 2
LogDevObjectVersion:   Dev-LoadTimes (C2A15278-BFE7-4AFE-6C17-90FF531DF755): 1
LogDevObjectVersion:   Private-Geometry (6EACA3D4-40EC-4CC1-B786-8BED09428FC5): 3
LogDevObjectVersion:   Dev-AnimPhys (29E575DD-E0A3-4627-9D10-D276232CDCEA): 17
LogDevObjectVersion:   Dev-Anim (AF43A65D-7FD3-4947-9873-3E8ED9C1BB05): 2
LogDevObjectVersion:   Dev-ReflectionCapture (6B266CEC-1EC7-4B8F-A30B-E4D90942FC07): 1
LogDevObjectVersion:   Dev-Automation (0DF73D61-A23F-47EA-B727-89E90C41499A): 1
LogDevObjectVersion:   FortniteMain (601D1886-AC64-4F84-AA16-D3DE0DEAC7D6): 17
LogDevObjectVersion:   Dev-Enterprise (9DFFBCD6-494F-0158-E221-12823C92A888): 4
LogDevObjectVersion:   Dev-Niagara (F2AED0AC-9AFE-416F-8664-AA7FFA26D6FC): 1
LogStreaming: Display: Took  0.000s to delete old logs.
LogInit: Presizing for max 8388607 objects, including 0 objects not considered by GC, pre-allocating 0 bytes for permanent pool.
LogInit: Object subsystem initialized
LogConfig: Setting CVar [[con.DebugEarlyDefault:1]]
LogConfig: Setting CVar [[r.setres:1280x720]]
[2019.05.24-21.21.19:995][  0]LogConfig: Setting CVar [[r.VSync:0]]
[2019.05.24-21.21.19:995][  0]LogConfig: Setting CVar [[r.RHICmdBypass:0]]
[2019.05.24-21.21.19:995][  0]LogConfig: Applying CVar settings from Section [/Script/Engine.RendererSettings] File [C:/Users/alexs/Documents/repos/SummerAssetPipe/EAE3010SRassign001/Saved/Config/Windows/Engine.ini]
[2019.05.24-21.21.19:995][  0]LogConfig: Setting CVar [[r.GPUCrashDebugging:0]]
[2019.05.24-21.21.19:995][  0]LogConfig: Applying CVar settings from Section [/Script/Engine.RendererOverrideSettings] File [C:/Users/alexs/Documents/repos/SummerAssetPipe/EAE3010SRassign001/Saved/Config/Windows/Engine.ini]
[2019.05.24-21.21.19:995][  0]LogConfig: Applying CVar settings from Section [/Script/Engine.StreamingSettings] File [C:/Users/alexs/Documents/repos/SummerAssetPipe/EAE3010SRassign001/Saved/Config/Windows/Engine.ini]
[2019.05.24-21.21.19:995][  0]LogConfig: Setting CVar [[s.MinBulkDataSizeForAsyncLoading:131072]]
[2019.05.24-21.21.19:995][  0]LogConfig: Setting CVar [[s.AsyncLoadingThreadEnabled:0]]
[2019.05.24-21.21.19:995][  0]LogConfig: Setting CVar [[s.EventDrivenLoaderEnabled:1]]
[2019.05.24-21.21.19:995][  0]LogConfig: Setting CVar [[s.WarnIfTimeLimitExceeded:0]]
[2019.05.24-21.21.19:995][  0]LogConfig: Setting CVar [[s.TimeLimitExceededMultiplier:1.5]]
[2019.05.24-21.21.19:995][  0]LogConfig: Setting CVar [[s.TimeLimitExceededMinTime:0.005]]
[2019.05.24-21.21.19:995][  0]LogConfig: Setting CVar [[s.UseBackgroundLevelStreaming:1]]
[2019.05.24-21.21.19:995][  0]LogConfig: Setting CVar [[s.PriorityAsyncLoadingExtraTime:15.0]]
[2019.05.24-21.21.19:995][  0]LogConfig: Setting CVar [[s.LevelStreamingActorsUpdateTimeLimit:5.0]]
[2019.05.24-21.21.19:995][  0]LogConfig: Setting CVar [[s.PriorityLevelStreamingActorsUpdateExtraTime:5.0]]
[2019.05.24-21.21.19:995][  0]LogConfig: Setting CVar [[s.LevelStreamingComponentsRegistrationGranularity:10]]
[2019.05.24-21.21.19:995][  0]LogConfig: Setting CVar [[s.UnregisterComponentsTimeLimit:1.0]]
[2019.05.24-21.21.19:995][  0]LogConfig: Setting CVar [[s.LevelStreamingComponentsUnregistrationGranularity:5]]
[2019.05.24-21.21.19:995][  0]LogConfig: Applying CVar settings from Section [/Script/Engine.GarbageCollectionSettings] File [C:/Users/alexs/Documents/repos/SummerAssetPipe/EAE3010SRassign001/Saved/Config/Windows/Engine.ini]
[2019.05.24-21.21.19:995][  0]LogConfig: Setting CVar [[gc.MaxObjectsNotConsideredByGC:1]]
[2019.05.24-21.21.19:995][  0]LogConfig: Setting CVar [[gc.SizeOfPermanentObjectPool:0]]
[2019.05.24-21.21.19:995][  0]LogConfig: Setting CVar [[gc.FlushStreamingOnGC:0]]
[2019.05.24-21.21.19:995][  0]LogConfig: Setting CVar [[gc.NumRetriesBeforeForcingGC:10]]
[2019.05.24-21.21.19:995][  0]LogConfig: Setting CVar [[gc.AllowParallelGC:1]]
[2019.05.24-21.21.19:995][  0]LogConfig: Setting CVar [[gc.TimeBetweenPurgingPendingKillObjects:61.1]]
[2019.05.24-21.21.19:995][  0]LogConfig: Setting CVar [[gc.MaxObjectsInEditor:8388607]]
[2019.05.24-21.21.19:996][  0]LogConfig: Setting CVar [[gc.IncrementalBeginDestroyEnabled:1]]
[2019.05.24-21.21.19:996][  0]LogConfig: Setting CVar [[gc.CreateGCClusters:1]]
[2019.05.24-21.21.19:996][  0]LogConfig: Setting CVar [[gc.MergeGCClusters:0]]
[2019.05.24-21.21.19:996][  0]LogConfig: Setting CVar [[gc.MinGCClusterSize:5]]
[2019.05.24-21.21.19:996][  0]LogConfig: Setting CVar [[gc.ActorClusteringEnabled:0]]
[2019.05.24-21.21.19:996][  0]LogConfig: Setting CVar [[gc.BlueprintClusteringEnabled:0]]
[2019.05.24-21.21.19:996][  0]LogConfig: Setting CVar [[gc.UseDisregardForGCOnDedicatedServers:0]]
[2019.05.24-21.21.19:996][  0]LogConfig: Applying CVar settings from Section [/Script/Engine.NetworkSettings] File [C:/Users/alexs/Documents/repos/SummerAssetPipe/EAE3010SRassign001/Saved/Config/Windows/Engine.ini]
[2019.05.24-21.21.19:996][  0]LogConfig: Applying CVar settings from Section [/Script/UnrealEd.CookerSettings] File [C:/Users/alexs/Documents/repos/SummerAssetPipe/EAE3010SRassign001/Saved/Config/Windows/Engine.ini]
[2019.05.24-21.21.20:003][  0]LogConfig: Applying CVar settings from Section [ViewDistanceQuality@3] File [C:/Users/alexs/Documents/repos/SummerAssetPipe/EAE3010SRassign001/Saved/Config/Windows/Scalability.ini]
[2019.05.24-21.21.20:003][  0]LogConfig: Setting CVar [[r.SkeletalMeshLODBias:0]]
[2019.05.24-21.21.20:003][  0]LogConfig: Setting CVar [[r.ViewDistanceScale:1.0]]
[2019.05.24-21.21.20:003][  0]LogConfig: Applying CVar settings from Section [AntiAliasingQuality@3] File [C:/Users/alexs/Documents/repos/SummerAssetPipe/EAE3010SRassign001/Saved/Config/Windows/Scalability.ini]
[2019.05.24-21.21.20:003][  0]LogConfig: Setting CVar [[r.PostProcessAAQuality:4]]
[2019.05.24-21.21.20:003][  0]LogConfig: Applying CVar settings from Section [ShadowQuality@3] File [C:/Users/alexs/Documents/repos/SummerAssetPipe/EAE3010SRassign001/Saved/Config/Windows/Scalability.ini]
[2019.05.24-21.21.20:003][  0]LogConfig: Setting CVar [[r.LightFunctionQuality:1]]
[2019.05.24-21.21.20:003][  0]LogConfig: Setting CVar [[r.ShadowQuality:5]]
[2019.05.24-21.21.20:003][  0]LogConfig: Setting CVar [[r.Shadow.CSM.MaxCascades:10]]
[2019.05.24-21.21.20:003][  0]LogConfig: Setting CVar [[r.Shadow.MaxResolution:2048]]
[2019.05.24-21.21.20:003][  0]LogConfig: Setting CVar [[r.Shadow.MaxCSMResolution:2048]]
[2019.05.24-21.21.20:003][  0]LogConfig: Setting CVar [[r.Shadow.RadiusThreshold:0.01]]
[2019.05.24-21.21.20:003][  0]LogConfig: Setting CVar [[r.Shadow.DistanceScale:1.0]]
[2019.05.24-21.21.20:003][  0]LogConfig: Setting CVar [[r.Shadow.CSM.TransitionScale:1.0]]
[2019.05.24-21.21.20:003][  0]LogConfig: Setting CVar [[r.Shadow.PreShadowResolutionFactor:1.0]]
[2019.05.24-21.21.20:003][  0]LogConfig: Setting CVar [[r.DistanceFieldShadowing:1]]
[2019.05.24-21.21.20:003][  0]LogConfig: Setting CVar [[r.DistanceFieldAO:1]]
[2019.05.24-21.21.20:003][  0]LogConfig: Setting CVar [[r.AOQuality:2]]
[2019.05.24-21.21.20:003][  0]LogConfig: Setting CVar [[r.VolumetricFog:1]]
[2019.05.24-21.21.20:004][  0]LogConfig: Setting CVar [[r.VolumetricFog.GridPixelSize:8]]
[2019.05.24-21.21.20:004][  0]LogConfig: Setting CVar [[r.VolumetricFog.GridSizeZ:128]]
[2019.05.24-21.21.20:004][  0]LogConfig: Setting CVar [[r.VolumetricFog.HistoryMissSupersampleCount:4]]
[2019.05.24-21.21.20:004][  0]LogConfig: Setting CVar [[r.LightMaxDrawDistanceScale:1]]
[2019.05.24-21.21.20:004][  0]LogConfig: Setting CVar [[r.CapsuleShadows:1]]
[2019.05.24-21.21.20:004][  0]LogConfig: Applying CVar settings from Section [PostProcessQuality@3] File [C:/Users/alexs/Documents/repos/SummerAssetPipe/EAE3010SRassign001/Saved/Config/Windows/Scalability.ini]
[2019.05.24-21.21.20:004][  0]LogConfig: Setting CVar [[r.MotionBlurQuality:4]]
[2019.05.24-21.21.20:004][  0]LogConfig: Setting CVar [[r.AmbientOcclusionMipLevelFactor:0.4]]
[2019.05.24-21.21.20:004][  0]LogConfig: Setting CVar [[r.AmbientOcclusionMaxQuality:100]]
[2019.05.24-21.21.20:004][  0]LogConfig: Setting CVar [[r.AmbientOcclusionLevels:-1]]
[2019.05.24-21.21.20:004][  0]LogConfig: Setting CVar [[r.AmbientOcclusionRadiusScale:1.0]]
[2019.05.24-21.21.20:004][  0]LogConfig: Setting CVar [[r.DepthOfFieldQuality:2]]
[2019.05.24-21.21.20:004][  0]LogConfig: Setting CVar [[r.RenderTargetPoolMin:400]]
[2019.05.24-21.21.20:004][  0]LogConfig: Setting CVar [[r.LensFlareQuality:2]]
[2019.05.24-21.21.20:004][  0]LogConfig: Setting CVar [[r.SceneColorFringeQuality:1]]
[2019.05.24-21.21.20:004][  0]LogConfig: Setting CVar [[r.EyeAdaptationQuality:2]]
[2019.05.24-21.21.20:004][  0]LogConfig: Setting CVar [[r.BloomQuality:5]]
[2019.05.24-21.21.20:004][  0]LogConfig: Setting CVar [[r.FastBlurThreshold:100]]
[2019.05.24-21.21.20:004][  0]LogConfig: Setting CVar [[r.Upscale.Quality:3]]
[2019.05.24-21.21.20:004][  0]LogConfig: Setting CVar [[r.Tonemapper.GrainQuantization:1]]
[2019.05.24-21.21.20:004][  0]LogConfig: Setting CVar [[r.LightShaftQuality:1]]
[2019.05.24-21.21.20:004][  0]LogConfig: Setting CVar [[r.Filter.SizeScale:1]]
[2019.05.24-21.21.20:004][  0]LogConfig: Setting CVar [[r.Tonemapper.Quality:5]]
[2019.05.24-21.21.20:004][  0]LogConfig: Setting CVar [[r.DOF.Gather.AccumulatorQuality:1        ; higher gathering accumulator quality]]
[2019.05.24-21.21.20:004][  0]LogConfig: Setting CVar [[r.DOF.Gather.PostfilterMethod:1          ; Median3x3 postfilering method]]
[2019.05.24-21.21.20:004][  0]LogConfig: Setting CVar [[r.DOF.Gather.EnableBokehSettings:0       ; no bokeh simulation when gathering]]
[2019.05.24-21.21.20:004][  0]LogConfig: Setting CVar [[r.DOF.Gather.RingCount:4                 ; medium number of samples when gathering]]
[2019.05.24-21.21.20:004][  0]LogConfig: Setting CVar [[r.DOF.Scatter.ForegroundCompositing:1    ; additive foreground scattering]]
[2019.05.24-21.21.20:004][  0]LogConfig: Setting CVar [[r.DOF.Scatter.BackgroundCompositing:2    ; additive background scattering]]
[2019.05.24-21.21.20:004][  0]LogConfig: Setting CVar [[r.DOF.Scatter.EnableBokehSettings:1      ; bokeh simulation when scattering]]
[2019.05.24-21.21.20:004][  0]LogConfig: Setting CVar [[r.DOF.Scatter.MaxSpriteRatio:0.1         ; only a maximum of 10% of scattered bokeh]]
[2019.05.24-21.21.20:004][  0]LogConfig: Setting CVar [[r.DOF.Recombine.Quality:1                ; cheap slight out of focus]]
[2019.05.24-21.21.20:004][  0]LogConfig: Setting CVar [[r.DOF.Recombine.EnableBokehSettings:0    ; no bokeh simulation on slight out of focus]]
[2019.05.24-21.21.20:004][  0]LogConfig: Setting CVar [[r.DOF.TemporalAAQuality:1                ; more stable temporal accumulation]]
[2019.05.24-21.21.20:004][  0]LogConfig: Setting CVar [[r.DOF.Kernel.MaxForegroundRadius:0.025]]
[2019.05.24-21.21.20:004][  0]LogConfig: Setting CVar [[r.DOF.Kernel.MaxBackgroundRadius:0.025]]
[2019.05.24-21.21.20:004][  0]LogConfig: Applying CVar settings from Section [TextureQuality@3] File [C:/Users/alexs/Documents/repos/SummerAssetPipe/EAE3010SRassign001/Saved/Config/Windows/Scalability.ini]
[2019.05.24-21.21.20:004][  0]LogConfig: Setting CVar [[r.Streaming.MipBias:0]]
[2019.05.24-21.21.20:004][  0]LogConfig: Setting CVar [[r.Streaming.AmortizeCPUToGPUCopy:0]]
[2019.05.24-21.21.20:004][  0]LogConfig: Setting CVar [[r.Streaming.MaxNumTexturesToStreamPerFrame:0]]
[2019.05.24-21.21.20:004][  0]LogConfig: Setting CVar [[r.Streaming.Boost:1]]
[2019.05.24-21.21.20:004][  0]LogConfig: Setting CVar [[r.MaxAnisotropy:8]]
[2019.05.24-21.21.20:004][  0]LogConfig: Setting CVar [[r.Streaming.LimitPoolSizeToVRAM:0]]
[2019.05.24-21.21.20:004][  0]LogConfig: Setting CVar [[r.Streaming.PoolSize:1000]]
[2019.05.24-21.21.20:004][  0]LogConfig: Setting CVar [[r.Streaming.MaxEffectiveScreenSize:0]]
[2019.05.24-21.21.20:004][  0]LogConfig: Applying CVar settings from Section [EffectsQuality@3] File [C:/Users/alexs/Documents/repos/SummerAssetPipe/EAE3010SRassign001/Saved/Config/Windows/Scalability.ini]
[2019.05.24-21.21.20:004][  0]LogConfig: Setting CVar [[r.TranslucencyLightingVolumeDim:64]]
[2019.05.24-21.21.20:004][  0]LogConfig: Setting CVar [[r.RefractionQuality:2]]
[2019.05.24-21.21.20:004][  0]LogConfig: Setting CVar [[r.SSR.Quality:3]]
[2019.05.24-21.21.20:004][  0]LogConfig: Setting CVar [[r.SceneColorFormat:4]]
[2019.05.24-21.21.20:004][  0]LogConfig: Setting CVar [[r.DetailMode:2]]
[2019.05.24-21.21.20:004][  0]LogConfig: Setting CVar [[r.TranslucencyVolumeBlur:1]]
[2019.05.24-21.21.20:004][  0]LogConfig: Setting CVar [[r.MaterialQualityLevel:1 ; High quality]]
[2019.05.24-21.21.20:004][  0]LogConfig: Setting CVar [[r.SSS.Scale:1]]
[2019.05.24-21.21.20:004][  0]LogConfig: Setting CVar [[r.SSS.SampleSet:2]]
[2019.05.24-21.21.20:004][  0]LogConfig: Setting CVar [[r.SSS.Quality:1]]
[2019.05.24-21.21.20:004][  0]LogConfig: Setting CVar [[r.SSS.HalfRes:1]]
[2019.05.24-21.21.20:004][  0]LogConfig: Setting CVar [[r.EmitterSpawnRateScale:1.0]]
[2019.05.24-21.21.20:004][  0]LogConfig: Setting CVar [[r.ParticleLightQuality:2]]
[2019.05.24-21.21.20:004][  0]LogConfig: Applying CVar settings from Section [FoliageQuality@3] File [C:/Users/alexs/Documents/repos/SummerAssetPipe/EAE3010SRassign001/Saved/Config/Windows/Scalability.ini]
[2019.05.24-21.21.20:004][  0]LogConfig: Setting CVar [[foliage.DensityScale:1.0]]
[2019.05.24-21.21.20:004][  0]LogConfig: Setting CVar [[grass.DensityScale:1.0]]
[2019.05.24-21.21.20:005][  0]LogInit: Selected Device Profile: [Windows]
[2019.05.24-21.21.20:005][  0]LogInit: Applying CVar settings loaded from the selected device profile: [Windows]
[2019.05.24-21.21.20:029][  0]LogHAL: Display: Platform has ~ 16 GB [17057812480 / 17179869184 / 16], which maps to Larger [LargestMinGB=32, LargerMinGB=12, DefaultMinGB=8, SmallerMinGB=6, SmallestMinGB=0)
[2019.05.24-21.21.20:029][  0]LogConfig: Setting CVar [[r.Vulkan.UseRealUBs:1]]
[2019.05.24-21.21.20:030][  0]LogInit: Going up to parent DeviceProfile []
[2019.05.24-21.21.20:030][  0]LogConfig: Applying CVar settings from Section [ViewDistanceQuality@1] File [C:/Users/alexs/Documents/repos/SummerAssetPipe/EAE3010SRassign001/Saved/Config/Windows/Scalability.ini]
[2019.05.24-21.21.20:030][  0]LogConfig: Setting CVar [[r.SkeletalMeshLODBias:1]]
[2019.05.24-21.21.20:030][  0]LogConfig: Setting CVar [[r.ViewDistanceScale:0.6]]
[2019.05.24-21.21.20:030][  0]LogConfig: Applying CVar settings from Section [AntiAliasingQuality@1] File [C:/Users/alexs/Documents/repos/SummerAssetPipe/EAE3010SRassign001/Saved/Config/Windows/Scalability.ini]
[2019.05.24-21.21.20:030][  0]LogConfig: Setting CVar [[r.PostProcessAAQuality:2]]
[2019.05.24-21.21.20:030][  0]LogConfig: Applying CVar settings from Section [ShadowQuality@1] File [C:/Users/alexs/Documents/repos/SummerAssetPipe/EAE3010SRassign001/Saved/Config/Windows/Scalability.ini]
[2019.05.24-21.21.20:030][  0]LogConfig: Setting CVar [[r.LightFunctionQuality:1]]
[2019.05.24-21.21.20:030][  0]LogConfig: Setting CVar [[r.ShadowQuality:3]]
[2019.05.24-21.21.20:030][  0]LogConfig: Setting CVar [[r.Shadow.CSM.MaxCascades:1]]
[2019.05.24-21.21.20:030][  0]LogConfig: Setting CVar [[r.Shadow.MaxResolution:1024]]
[2019.05.24-21.21.20:030][  0]LogConfig: Setting CVar [[r.Shadow.MaxCSMResolution:1024]]
[2019.05.24-21.21.20:030][  0]LogConfig: Setting CVar [[r.Shadow.RadiusThreshold:0.05]]
[2019.05.24-21.21.20:030][  0]LogConfig: Setting CVar [[r.Shadow.DistanceScale:0.7]]
[2019.05.24-21.21.20:030][  0]LogConfig: Setting CVar [[r.Shadow.CSM.TransitionScale:0.25]]
[2019.05.24-21.21.20:030][  0]LogConfig: Setting CVar [[r.Shadow.PreShadowResolutionFactor:0.5]]
[2019.05.24-21.21.20:030][  0]LogConfig: Setting CVar [[r.DistanceFieldShadowing:0]]
[2019.05.24-21.21.20:030][  0]LogConfig: Setting CVar [[r.DistanceFieldAO:0]]
[2019.05.24-21.21.20:030][  0]LogConfig: Setting CVar [[r.VolumetricFog:0]]
[2019.05.24-21.21.20:030][  0]LogConfig: Setting CVar [[r.LightMaxDrawDistanceScale:.5]]
[2019.05.24-21.21.20:030][  0]LogConfig: Setting CVar [[r.CapsuleShadows:1]]
[2019.05.24-21.21.20:030][  0]LogConfig: Applying CVar settings from Section [PostProcessQuality@1] File [C:/Users/alexs/Documents/repos/SummerAssetPipe/EAE3010SRassign001/Saved/Config/Windows/Scalability.ini]
[2019.05.24-21.21.20:030][  0]LogConfig: Setting CVar [[r.MotionBlurQuality:3]]
[2019.05.24-21.21.20:030][  0]LogConfig: Setting CVar [[r.AmbientOcclusionMipLevelFactor:1.0]]
[2019.05.24-21.21.20:030][  0]LogConfig: Setting CVar [[r.AmbientOcclusionMaxQuality:60]]
[2019.05.24-21.21.20:030][  0]LogConfig: Setting CVar [[r.AmbientOcclusionLevels:-1]]
[2019.05.24-21.21.20:030][  0]LogConfig: Setting CVar [[r.AmbientOcclusionRadiusScale:1.5]]
[2019.05.24-21.21.20:030][  0]LogConfig: Setting CVar [[r.DepthOfFieldQuality:1]]
[2019.05.24-21.21.20:030][  0]LogConfig: Setting CVar [[r.RenderTargetPoolMin:350]]
[2019.05.24-21.21.20:030][  0]LogConfig: Setting CVar [[r.LensFlareQuality:0]]
[2019.05.24-21.21.20:030][  0]LogConfig: Setting CVar [[r.SceneColorFringeQuality:0]]
[2019.05.24-21.21.20:030][  0]LogConfig: Setting CVar [[r.EyeAdaptationQuality:0]]
[2019.05.24-21.21.20:030][  0]LogConfig: Setting CVar [[r.BloomQuality:4]]
[2019.05.24-21.21.20:030][  0]LogConfig: Setting CVar [[r.FastBlurThreshold:2]]
[2019.05.24-21.21.20:030][  0]LogConfig: Setting CVar [[r.Upscale.Quality:2]]
[2019.05.24-21.21.20:030][  0]LogConfig: Setting CVar [[r.Tonemapper.GrainQuantization:0]]
[2019.05.24-21.21.20:030][  0]LogConfig: Setting CVar [[r.LightShaftQuality:0]]
[2019.05.24-21.21.20:030][  0]LogConfig: Setting CVar [[r.Filter.SizeScale:0.7]]
[2019.05.24-21.21.20:030][  0]LogConfig: Setting CVar [[r.Tonemapper.Quality:2]]
[2019.05.24-21.21.20:030][  0]LogConfig: Setting CVar [[r.DOF.Gather.AccumulatorQuality:0        ; lower gathering accumulator quality]]
[2019.05.24-21.21.20:030][  0]LogConfig: Setting CVar [[r.DOF.Gather.PostfilterMethod:2          ; Max3x3 postfilering method]]
[2019.05.24-21.21.20:030][  0]LogConfig: Setting CVar [[r.DOF.Gather.EnableBokehSettings:0       ; no bokeh simulation when gathering]]
[2019.05.24-21.21.20:030][  0]LogConfig: Setting CVar [[r.DOF.Gather.RingCount:3                 ; low number of samples when gathering]]
[2019.05.24-21.21.20:030][  0]LogConfig: Setting CVar [[r.DOF.Scatter.ForegroundCompositing:0    ; no foreground scattering]]
[2019.05.24-21.21.20:030][  0]LogConfig: Setting CVar [[r.DOF.Scatter.BackgroundCompositing:0    ; no foreground scattering]]
[2019.05.24-21.21.20:030][  0]LogConfig: Setting CVar [[r.DOF.Recombine.Quality:0                ; no slight out of focus]]
[2019.05.24-21.21.20:030][  0]LogConfig: Setting CVar [[r.DOF.TemporalAAQuality:0                ; faster temporal accumulation]]
[2019.05.24-21.21.20:030][  0]LogConfig: Setting CVar [[r.DOF.Kernel.MaxForegroundRadius:0.006   ; required because low gathering and no scattering and not looking great at 1080p]]
[2019.05.24-21.21.20:030][  0]LogConfig: Setting CVar [[r.DOF.Kernel.MaxBackgroundRadius:0.006   ; required because low gathering and no scattering and not looking great at 1080p]]
[2019.05.24-21.21.20:030][  0]LogConfig: Applying CVar settings from Section [TextureQuality@1] File [C:/Users/alexs/Documents/repos/SummerAssetPipe/EAE3010SRassign001/Saved/Config/Windows/Scalability.ini]
[2019.05.24-21.21.20:030][  0]LogConfig: Setting CVar [[r.Streaming.MipBias:1]]
[2019.05.24-21.21.20:030][  0]LogConfig: Setting CVar [[r.Streaming.AmortizeCPUToGPUCopy:0]]
[2019.05.24-21.21.20:030][  0]LogConfig: Setting CVar [[r.Streaming.MaxNumTexturesToStreamPerFrame:0]]
[2019.05.24-21.21.20:030][  0]LogConfig: Setting CVar [[r.Streaming.Boost:1]]
[2019.05.24-21.21.20:030][  0]LogConfig: Setting CVar [[r.MaxAnisotropy:2]]
[2019.05.24-21.21.20:030][  0]LogConfig: Setting CVar [[r.Streaming.LimitPoolSizeToVRAM:1]]
[2019.05.24-21.21.20:030][  0]LogConfig: Setting CVar [[r.Streaming.PoolSize:600]]
[2019.05.24-21.21.20:030][  0]LogConfig: Setting CVar [[r.Streaming.MaxEffectiveScreenSize:0]]
[2019.05.24-21.21.20:030][  0]LogConfig: Applying CVar settings from Section [EffectsQuality@1] File [C:/Users/alexs/Documents/repos/SummerAssetPipe/EAE3010SRassign001/Saved/Config/Windows/Scalability.ini]
[2019.05.24-21.21.20:030][  0]LogConfig: Setting CVar [[r.TranslucencyLightingVolumeDim:32]]
[2019.05.24-21.21.20:030][  0]LogConfig: Setting CVar [[r.RefractionQuality:0]]
[2019.05.24-21.21.20:030][  0]LogConfig: Setting CVar [[r.SSR.Quality:0]]
[2019.05.24-21.21.20:030][  0]LogConfig: Setting CVar [[r.SceneColorFormat:3]]
[2019.05.24-21.21.20:030][  0]LogConfig: Setting CVar [[r.DetailMode:1]]
[2019.05.24-21.21.20:030][  0]LogConfig: Setting CVar [[r.TranslucencyVolumeBlur:0]]
[2019.05.24-21.21.20:030][  0]LogConfig: Setting CVar [[r.MaterialQualityLevel:2 ; Medium quality]]
[2019.05.24-21.21.20:030][  0]LogConfig: Setting CVar [[r.SSS.Scale:0.75]]
[2019.05.24-21.21.20:030][  0]LogConfig: Setting CVar [[r.SSS.SampleSet:0]]
[2019.05.24-21.21.20:030][  0]LogConfig: Setting CVar [[r.SSS.Quality:0]]
[2019.05.24-21.21.20:030][  0]LogConfig: Setting CVar [[r.SSS.HalfRes:1]]
[2019.05.24-21.21.20:030][  0]LogConfig: Setting CVar [[r.EmitterSpawnRateScale:0.25]]
[2019.05.24-21.21.20:030][  0]LogConfig: Setting CVar [[r.ParticleLightQuality:0]]
[2019.05.24-21.21.20:030][  0]LogConfig: Applying CVar settings from Section [FoliageQuality@1] File [C:/Users/alexs/Documents/repos/SummerAssetPipe/EAE3010SRassign001/Saved/Config/Windows/Scalability.ini]
[2019.05.24-21.21.20:030][  0]LogConfig: Setting CVar [[foliage.DensityScale:0.4]]
[2019.05.24-21.21.20:030][  0]LogConfig: Setting CVar [[grass.DensityScale:0.4]]
[2019.05.24-21.21.20:030][  0]LogConfig: Applying CVar settings from Section [Startup] File [../../../Engine/Config/ConsoleVariables.ini]
[2019.05.24-21.21.20:036][  0]LogConfig: Setting CVar [[net.UseAdaptiveNetUpdateFrequency:0]]
[2019.05.24-21.21.20:036][  0]LogConfig: Applying CVar settings from Section [ConsoleVariables] File [C:/Users/alexs/Documents/repos/SummerAssetPipe/EAE3010SRassign001/Saved/Config/Windows/Engine.ini]
[2019.05.24-21.21.20:038][  0]LogInit: Computer: LAPTOP-PQO8S6FS
[2019.05.24-21.21.20:038][  0]LogInit: User: alexs
[2019.05.24-21.21.20:038][  0]LogInit: CPU Page size=4096, Cores=4
[2019.05.24-21.21.20:038][  0]LogInit: High frequency timer resolution =10.000000 MHz
[2019.05.24-21.21.20:039][  0]LogMemory: Memory total: Physical=15.9GB (16GB approx)
[2019.05.24-21.21.20:039][  0]LogMemory: Platform Memory Stats for Windows
[2019.05.24-21.21.20:039][  0]LogMemory: Process Physical Memory: 103.00 MB used, 103.00 MB peak
[2019.05.24-21.21.20:039][  0]LogMemory: Process Virtual Memory: 91.51 MB used, 91.51 MB peak
[2019.05.24-21.21.20:039][  0]LogMemory: Physical Memory: 8472.86 MB used,  7794.74 MB free, 16267.60 MB total
[2019.05.24-21.21.20:039][  0]LogMemory: Virtual Memory: 4650.95 MB used,  134213080.00 MB free, 134217728.00 MB total
[2019.05.24-21.21.20:270][  0]LogInit: Using OS detected language (en-US).
[2019.05.24-21.21.20:270][  0]LogInit: Using OS detected locale (en-US).
[2019.05.24-21.21.20:276][  0]LogTextLocalizationManager: No specific localization for 'en-US' exists, so the 'en' localization will be used.
[2019.05.24-21.21.20:838][  0]LogStreaming: Display: Took  0.569s to InitEngineTextLocalization.
[2019.05.24-21.21.20:839][  0]LogInit: Setting process to per monitor DPI aware
[2019.05.24-21.21.20:959][  0]LogSlate: New Slate User Created.  User Index 0, Is Virtual User: 0
[2019.05.24-21.21.20:959][  0]LogSlate: Slate User Registered.  User Index 0, Is Virtual User: 0
[2019.05.24-21.21.23:391][  0]LogHMD: Failed to initialize OpenVR with code 110
[2019.05.24-21.21.23:391][  0]LogD3D11RHI: D3D11 adapters:
[2019.05.24-21.21.23:543][  0]LogD3D11RHI:    0. 'NVIDIA GeForce GTX 1060' (Feature Level 11_0)
[2019.05.24-21.21.23:543][  0]LogD3D11RHI:       6052/0/8133 MB DedicatedVideo/DedicatedSystem/SharedSystem, Outputs:1, VendorId:0x10de
[2019.05.24-21.21.23:562][  0]LogD3D11RHI:    1. 'Intel(R) HD Graphics 630' (Feature Level 11_0)
[2019.05.24-21.21.23:562][  0]LogD3D11RHI:       128/0/8133 MB DedicatedVideo/DedicatedSystem/SharedSystem, Outputs:1, VendorId:0x8086
[2019.05.24-21.21.23:565][  0]LogD3D11RHI:    2. 'Microsoft Basic Render Driver' (Feature Level 11_0)
[2019.05.24-21.21.23:565][  0]LogD3D11RHI:       0/0/8133 MB DedicatedVideo/DedicatedSystem/SharedSystem, Outputs:0, VendorId:0x1414
[2019.05.24-21.21.23:565][  0]LogD3D11RHI: Chosen D3D11 Adapter: 0
[2019.05.24-21.21.23:576][  0]LogD3D11RHI: Creating new Direct3DDevice
[2019.05.24-21.21.23:576][  0]LogD3D11RHI:     GPU DeviceId: 0x1c20 (for the marketing name, search the web for "GPU Device Id")
[2019.05.24-21.21.23:576][  0]LogWindows: EnumDisplayDevices:
[2019.05.24-21.21.23:576][  0]LogWindows:    0. 'Intel(R) HD Graphics 630' (P:0 D:1)
[2019.05.24-21.21.23:576][  0]LogWindows:    1. 'Intel(R) HD Graphics 630' (P:0 D:0)
[2019.05.24-21.21.23:577][  0]LogWindows:    2. 'Intel(R) HD Graphics 630' (P:0 D:0)
[2019.05.24-21.21.23:577][  0]LogWindows:    3. 'NVIDIA GeForce GTX 1060' (P:1 D:1)
[2019.05.24-21.21.23:577][  0]LogWindows: DebugString: PrimaryIsNotTheChoosenAdapter PrimaryIsNotTheChoosenAdapter PrimaryIsNotTheChoosenAdapter 
[2019.05.24-21.21.23:577][  0]LogD3D11RHI:     Adapter Name: NVIDIA GeForce GTX 1060
[2019.05.24-21.21.23:578][  0]LogD3D11RHI:   Driver Version: 430.39 (internal:26.21.14.3039, unified:430.39)
[2019.05.24-21.21.23:578][  0]LogD3D11RHI:      Driver Date: 4-17-2019
[2019.05.24-21.21.23:578][  0]LogRHI: Texture pool is 4236 MB (70% of 6052 MB)
[2019.05.24-21.21.23:627][  0]LogD3D11RHI: Async texture creation enabled
[2019.05.24-21.21.23:693][  0]LogD3D11RHI: GPU Timing Frequency: 1000.000000 (Debug: 2 1)
[2019.05.24-21.21.24:238][  0]LogTemp: Display: Loaded TP AllDesktopTargetPlatform
[2019.05.24-21.21.24:254][  0]LogTemp: Display: Loaded TP MacClientTargetPlatform
[2019.05.24-21.21.24:270][  0]LogTemp: Display: Loaded TP MacNoEditorTargetPlatform
[2019.05.24-21.21.24:287][  0]LogTemp: Display: Loaded TP MacServerTargetPlatform
[2019.05.24-21.21.24:305][  0]LogTemp: Display: Loaded TP MacTargetPlatform
[2019.05.24-21.21.24:320][  0]LogTemp: Display: Loaded TP WindowsClientTargetPlatform
[2019.05.24-21.21.24:333][  0]LogTemp: Display: Loaded TP WindowsNoEditorTargetPlatform
[2019.05.24-21.21.24:346][  0]LogTemp: Display: Loaded TP WindowsServerTargetPlatform
[2019.05.24-21.21.24:354][  0]LogTemp: Display: Loaded TP WindowsTargetPlatform
[2019.05.24-21.21.24:435][  0]LogTemp: Display: Loaded TP AndroidTargetPlatform
[2019.05.24-21.21.24:435][  0]LogTemp: Display: Loaded TP AndroidTargetPlatform
[2019.05.24-21.21.24:435][  0]LogTemp: Display: Loaded TP AndroidTargetPlatform
[2019.05.24-21.21.24:435][  0]LogTemp: Display: Loaded TP AndroidTargetPlatform
[2019.05.24-21.21.24:435][  0]LogTemp: Display: Loaded TP AndroidTargetPlatform
[2019.05.24-21.21.24:435][  0]LogTemp: Display: Loaded TP AndroidTargetPlatform
[2019.05.24-21.21.24:435][  0]LogTemp: Display: Loaded TP AndroidTargetPlatform
[2019.05.24-21.21.24:435][  0]LogTemp: Display: Loaded TP AndroidTargetPlatform
[2019.05.24-21.21.24:435][  0]LogTemp: Display: Loaded TP AndroidTargetPlatform
[2019.05.24-21.21.24:436][  0]LogTemp: Display: Loaded TP AndroidTargetPlatform
[2019.05.24-21.21.24:436][  0]LogTemp: Display: Loaded TP AndroidTargetPlatform
[2019.05.24-21.21.24:436][  0]LogTemp: Display: Loaded TP AndroidTargetPlatform
[2019.05.24-21.21.24:436][  0]LogTemp: Display: Loaded TP AndroidTargetPlatform
[2019.05.24-21.21.24:436][  0]LogTemp: Display: Loaded TP AndroidTargetPlatform
[2019.05.24-21.21.24:436][  0]LogTemp: Display: Loaded TP AndroidTargetPlatform
[2019.05.24-21.21.24:436][  0]LogTemp: Display: Loaded TP AndroidTargetPlatform
[2019.05.24-21.21.24:436][  0]LogTemp: Display: Loaded TP AndroidTargetPlatform
[2019.05.24-21.21.24:436][  0]LogTemp: Display: Loaded TP AndroidTargetPlatform
[2019.05.24-21.21.24:440][  0]LogTemp: Display: Loaded TP HTML5TargetPlatform
[2019.05.24-21.21.24:512][  0]LogTemp: Display: Loaded TP IOSTargetPlatform
[2019.05.24-21.21.24:512][  0]LogTemp: Display: Loaded TP IOSTargetPlatform
[2019.05.24-21.21.24:538][  0]LogTemp: Display: Loaded TP TVOSTargetPlatform
[2019.05.24-21.21.24:538][  0]LogTemp: Display: Loaded TP TVOSTargetPlatform
[2019.05.24-21.21.24:553][  0]LogTemp: Display: Loaded TP LinuxClientTargetPlatform
[2019.05.24-21.21.24:568][  0]LogTemp: Display: Loaded TP LinuxNoEditorTargetPlatform
[2019.05.24-21.21.24:583][  0]LogTemp: Display: Loaded TP LinuxServerTargetPlatform
[2019.05.24-21.21.24:604][  0]LogTemp: Display: Loaded TP LinuxTargetPlatform
[2019.05.24-21.21.24:655][  0]LogTemp: Display: Loaded TP LuminTargetPlatform
[2019.05.24-21.21.24:655][  0]LogTemp: Display: Loaded TP LuminTargetPlatform
[2019.05.24-21.21.24:655][  0]LogTargetPlatformManager: Display: Building Assets For Windows
[2019.05.24-21.21.24:828][  0]LogShaderCompilers: Guid format shader working directory is -34 characters bigger than the processId version (../../../../../../Users/alexs/Documents/repos/SummerAssetPipe/EAE3010SRassign001/Intermediate/Shaders/WorkingDirectory/8168/).
[2019.05.24-21.21.24:828][  0]LogShaderCompilers: Cleaned the shader compiler working directory 'C:/Users/alexs/AppData/Local/Temp/UnrealShaderWorkingDir/37CD12E64EB66E5FFDF7D491AD2A38BA/'.
[2019.05.24-21.21.24:832][  0]LogXGEController: Cleaning working directory: C:/Users/alexs/AppData/Local/Temp/UnrealXGEWorkingDir/
[2019.05.24-21.21.24:832][  0]LogXGEController: Cannot use XGE Controller as Incredibuild is not installed on this machine.
[2019.05.24-21.21.24:832][  0]LogShaderCompilers: Cannot use XGE Shader Compiler as Incredibuild is not installed on this machine.
[2019.05.24-21.21.24:832][  0]LogShaderCompilers: Display: Using Local Shader Compiler.
[2019.05.24-21.21.26:763][  0]LogDerivedDataCache: Display: Max Cache Size: 512 MB
[2019.05.24-21.21.27:046][  0]LogDerivedDataCache: Loaded boot cache 0.28s 71MB C:/Users/alexs/AppData/Local/UnrealEngine/4.21/DerivedDataCache/Boot.ddc.
[2019.05.24-21.21.27:046][  0]LogDerivedDataCache: Display: Loaded Boot cache: C:/Users/alexs/AppData/Local/UnrealEngine/4.21/DerivedDataCache/Boot.ddc
[2019.05.24-21.21.27:046][  0]LogDerivedDataCache: FDerivedDataBackendGraph:  Pak pak cache file ../../../../../../Users/alexs/Documents/repos/SummerAssetPipe/EAE3010SRassign001/DerivedDataCache/DDC.ddp not found, will not use a pak cache.
[2019.05.24-21.21.27:046][  0]LogDerivedDataCache: Unable to find inner node Pak for hierarchical cache Hierarchy.
[2019.05.24-21.21.27:046][  0]LogDerivedDataCache: FDerivedDataBackendGraph:  CompressedPak pak cache file ../../../../../../Users/alexs/Documents/repos/SummerAssetPipe/EAE3010SRassign001/DerivedDataCache/Compressed.ddp not found, will not use a pak cache.
[2019.05.24-21.21.27:046][  0]LogDerivedDataCache: Unable to find inner node CompressedPak for hierarchical cache Hierarchy.
[2019.05.24-21.21.27:071][  0]LogDerivedDataCache: Display: Pak cache opened for reading ../../../Engine/DerivedDataCache/Compressed.ddp.
[2019.05.24-21.21.27:071][  0]LogDerivedDataCache: FDerivedDataBackendGraph:  EnterprisePak pak cache file ../../../Enterprise/DerivedDataCache/Compressed.ddp not found, will not use a pak cache.
[2019.05.24-21.21.27:071][  0]LogDerivedDataCache: Unable to find inner node EnterprisePak for hierarchical cache Hierarchy.
[2019.05.24-21.21.27:085][  0]LogDerivedDataCache: Using Local data cache path C:/Users/alexs/AppData/Local/UnrealEngine/Common/DerivedDataCache: Writable
[2019.05.24-21.21.27:085][  0]LogDerivedDataCache: Shared data cache path not found in *engine.ini, will not use an Shared cache.
[2019.05.24-21.21.27:085][  0]LogDerivedDataCache: Unable to find inner node Shared for hierarchical cache Hierarchy.
[2019.05.24-21.21.27:114][  0]LogMaterial: Verifying Global Shaders for PCD3D_SM5
[2019.05.24-21.21.27:122][  0]LogSlate: Using FreeType 2.6.0
[2019.05.24-21.21.27:140][  0]LogSlate: SlateFontServices - WITH_FREETYPE: 1, WITH_HARFBUZZ: 1
[2019.05.24-21.21.27:680][  0]LogAssetRegistry: FAssetRegistry took 0.0376 seconds to start up
[2019.05.24-21.21.28:205][  0]LogInit: Selected Device Profile: [Windows]
[2019.05.24-21.21.28:601][  0]LogSimplygon: Simplygon DLL not present - disabling.
[2019.05.24-21.21.28:620][  0]LogMeshReduction: Using SimplygonSwarm for distributed automatic mesh merging
[2019.05.24-21.21.28:620][  0]LogMeshReduction: Using ProxyLODMeshReduction for automatic mesh merging
[2019.05.24-21.21.28:621][  0]LogMeshReduction: Using QuadricMeshReduction for automatic static mesh reduction
[2019.05.24-21.21.28:621][  0]LogMeshReduction: No automatic skeletal mesh reduction module available
[2019.05.24-21.21.28:689][  0]LogNetVersion: EAE3010SRassign001 1.0.0, NetCL: 4541578, EngineNetVer: 5, GameNetVer: 0 (Checksum: 879197428)
[2019.05.24-21.21.30:174][  0]LogPackageLocalizationCache: Processed 11 localized package path(s) for 2 prioritized culture(s) in 0.137741 seconds
[2019.05.24-21.21.30:182][  0]LogUObjectArray: 39796 objects as part of root set at end of initial load.
[2019.05.24-21.21.30:182][  0]LogUObjectAllocator: 6916344 out of 0 bytes used by permanent object pool.
[2019.05.24-21.21.30:182][  0]LogUObjectArray: CloseDisregardForGC: 0/0 objects in disregard for GC pool
[2019.05.24-21.21.35:829][  0]LogTcpMessaging: Initializing TcpMessaging bridge
[2019.05.24-21.21.35:846][  0]LogUdpMessaging: Initializing bridge on interface 0.0.0.0:0 to multicast group 230.0.0.1:6666.
[2019.05.24-21.21.36:956][  0]SourceControl: Source control is disabled
[2019.05.24-21.21.36:956][  0]SourceControl: Source control is disabled
[2019.05.24-21.21.36:968][  0]SourceControl: Source control is disabled
[2019.05.24-21.21.36:974][  0]SourceControl: Source control is disabled
[2019.05.24-21.21.37:333][  0]LogAndroidPermission: UAndroidPermissionCallbackProxy::GetInstance
[2019.05.24-21.21.37:475][  0]LogOcInput: OculusInput pre-init called
[2019.05.24-21.21.37:732][  0]LogEngine: Initializing Engine...
[2019.05.24-21.21.37:736][  0]LogHMD: Failed to initialize OpenVR with code 110
[2019.05.24-21.21.37:739][  0]LogStats: UGameplayTagsManager::ConstructGameplayTagTree: ImportINI prefixes -  0.000 s
[2019.05.24-21.21.37:740][  0]LogStats: UGameplayTagsManager::ConstructGameplayTagTree: Construct from data asset -  0.000 s
[2019.05.24-21.21.37:740][  0]LogStats: UGameplayTagsManager::ConstructGameplayTagTree: ImportINI -  0.000 s
[2019.05.24-21.21.37:740][  0]LogStats: UGameplayTagsManager::ConstructGameplayTagTree: GameplayTagTreeChangedEvent.Broadcast -  0.000 s
[2019.05.24-21.21.38:063][  0]LogInit: Initializing FReadOnlyCVARCache
[2019.05.24-21.21.38:126][  0]LogAIModule: Creating AISystem for world Untitled
[2019.05.24-21.21.38:179][  0]LogInit: XAudio2 using 'Headset Earphone (HyperX Virtual Surround Sound)' : 2 channels at 48 kHz using 16 bits per sample (channel mask 0x3)
[2019.05.24-21.21.38:205][  0]LogInit: FAudioDevice initialized.
[2019.05.24-21.21.38:205][  0]LogNetVersion: Set ProjectVersion to 1.0.0.0. Version Checksum will be recalculated on next use.
[2019.05.24-21.21.38:365][  0]LogDerivedDataCache: Saved boot cache 0.16s 86MB C:/Users/alexs/AppData/Local/UnrealEngine/4.21/DerivedDataCache/Boot.ddc.
[2019.05.24-21.21.38:379][  0]LogInit: Texture streaming: Enabled
[2019.05.24-21.21.38:407][  0]LogEngineSessionManager: EngineSessionManager initialized
[2019.05.24-21.21.38:440][  0]LogInit: Transaction tracking system initialized
[2019.05.24-21.21.38:511][  0]BlueprintLog: New page: Editor Load
[2019.05.24-21.21.38:736][  0]LocalizationService: Localization service is disabled
[2019.05.24-21.21.39:957][  0]LogFileCache: Scanning file cache for directory 'C:/Users/alexs/Documents/repos/SummerAssetPipe/EAE3010SRassign001/Content/' took 0.02s
[2019.05.24-21.21.39:957][  0]LogCook: Display: Max memory allowance for cook 16384mb min free memory 0mb
[2019.05.24-21.21.39:958][  0]LogCook: Display: Mobile HDR setting 1
[2019.05.24-21.21.39:958][  0]LogGameplayTags: Display: UGameplayTagsManager::DoneAddingNativeTags. DelegateIsBound: 0
[2019.05.24-21.21.39:958][  0]LogStats: UGameplayTagsManager::ConstructGameplayTagTree: ImportINI prefixes -  0.000 s
[2019.05.24-21.21.39:958][  0]LogStats: UGameplayTagsManager::ConstructGameplayTagTree: Construct from data asset -  0.000 s
[2019.05.24-21.21.39:959][  0]LogStats: UGameplayTagsManager::ConstructGameplayTagTree: ImportINI -  0.000 s
[2019.05.24-21.21.39:959][  0]LogStats: UGameplayTagsManager::ConstructGameplayTagTree: GameplayTagTreeChangedEvent.Broadcast -  0.000 s
[2019.05.24-21.21.40:356][  0]SourceControl: Source control is disabled
[2019.05.24-21.21.40:357][  0]Cmd: MAP LOAD FILE="../../../Engine/Content/Maps/Templates/Template_Default.umap" TEMPLATE=1 SHOWPROGRESS=1 FEATURELEVEL=3
[2019.05.24-21.21.40:360][  0]LightingResults: New page: Lighting Build
[2019.05.24-21.21.40:376][  0]MapCheck: New page: Map Check
[2019.05.24-21.21.40:376][  0]LightingResults: New page: Lighting Build
[2019.05.24-21.21.40:688][  0]LogAIModule: Creating AISystem for world Untitled_1
[2019.05.24-21.21.40:721][  0]LogEditorServer: Finished looking for orphan Actors (0.000 secs)
[2019.05.24-21.21.40:754][  0]Cmd: MAP CHECKDEP NOCLEARLOG
[2019.05.24-21.21.40:755][  0]MapCheck: Map check complete: 0 Error(s), 0 Warning(s), took 0.115ms to complete.
[2019.05.24-21.21.40:755][  0]LogFileHelpers: Loading map 'Template_Default' took 0.398
[2019.05.24-21.21.40:958][  0]LogSlate: Updating window title bar state: overlay mode, drag disabled, window buttons hidden, title bar hidden
[2019.05.24-21.21.40:968][  0]LogSlate: Updating window title bar state: overlay mode, drag disabled, window buttons hidden, title bar hidden
[2019.05.24-21.21.40:975][  0]LogSlate: Updating window title bar state: overlay mode, drag disabled, window buttons hidden, title bar hidden
[2019.05.24-21.21.40:983][  0]LogSlate: Updating window title bar state: overlay mode, drag disabled, window buttons hidden, title bar hidden
[2019.05.24-21.21.41:006][  0]LogCollectionManager: Loaded 0 collections in 0.002100 seconds
[2019.05.24-21.21.41:075][  0]LogFileCache: Scanning file cache for directory 'C:/Users/alexs/Documents/repos/SummerAssetPipe/EAE3010SRassign001/Saved/Collections/' took 0.01s
[2019.05.24-21.21.41:075][  0]LogFileCache: Scanning file cache for directory 'C:/Users/alexs/Documents/repos/SummerAssetPipe/EAE3010SRassign001/Content/Developers/alexs/Collections/' took 0.01s
[2019.05.24-21.21.41:075][  0]LogFileCache: Scanning file cache for directory 'C:/Users/alexs/Documents/repos/SummerAssetPipe/EAE3010SRassign001/Content/Collections/' took 0.01s
[2019.05.24-21.21.41:075][  0]LogCollectionManager: Rebuilt the GUID cache for 0 collections in 0.000000 seconds
[2019.05.24-21.21.41:087][  0]LogContentBrowser: Native class hierarchy populated in 0.0099 seconds. Added 2651 classes and 620 folders.
[2019.05.24-21.21.41:107][  0]LogContentBrowser: Native class hierarchy updated for 'WidgetCarousel' in 0.0002 seconds. Added 0 classes and 0 folders.
[2019.05.24-21.21.41:126][  0]LogPakFile: Registered encryption key '00000000000000000000000000000000': 0 pak files mounted, 0 remain pending
[2019.05.24-21.21.41:129][  0]LogPakFile: Registered encryption key '00000000000000000000000000000000': 0 pak files mounted, 0 remain pending
[2019.05.24-21.21.41:130][  0]LogPakFile: Registered encryption key '00000000000000000000000000000000': 0 pak files mounted, 0 remain pending
[2019.05.24-21.21.41:130][  0]LogPakFile: Registered encryption key '00000000000000000000000000000000': 0 pak files mounted, 0 remain pending
[2019.05.24-21.21.41:131][  0]LogPakFile: Registered encryption key '00000000000000000000000000000000': 0 pak files mounted, 0 remain pending
[2019.05.24-21.21.41:131][  0]LogPakFile: Registered encryption key '00000000000000000000000000000000': 0 pak files mounted, 0 remain pending
[2019.05.24-21.21.41:132][  0]LogPakFile: Registered encryption key '00000000000000000000000000000000': 0 pak files mounted, 0 remain pending
[2019.05.24-21.21.41:132][  0]LogPakFile: Registered encryption key '00000000000000000000000000000000': 0 pak files mounted, 0 remain pending
[2019.05.24-21.21.41:132][  0]LogPakFile: Registered encryption key '00000000000000000000000000000000': 0 pak files mounted, 0 remain pending
[2019.05.24-21.21.41:133][  0]LogPakFile: Registered encryption key '00000000000000000000000000000000': 0 pak files mounted, 0 remain pending
[2019.05.24-21.21.41:133][  0]LogPakFile: Registered encryption key '00000000000000000000000000000000': 0 pak files mounted, 0 remain pending
[2019.05.24-21.21.41:134][  0]LogPakFile: Registered encryption key '00000000000000000000000000000000': 0 pak files mounted, 0 remain pending
[2019.05.24-21.21.41:134][  0]LogPakFile: Registered encryption key '00000000000000000000000000000000': 0 pak files mounted, 0 remain pending
[2019.05.24-21.21.41:134][  0]LogPakFile: Registered encryption key '00000000000000000000000000000000': 0 pak files mounted, 0 remain pending
[2019.05.24-21.21.41:135][  0]LogPakFile: Registered encryption key '00000000000000000000000000000000': 0 pak files mounted, 0 remain pending
[2019.05.24-21.21.41:135][  0]LogPakFile: Registered encryption key '00000000000000000000000000000000': 0 pak files mounted, 0 remain pending
[2019.05.24-21.21.41:136][  0]LogPakFile: Registered encryption key '00000000000000000000000000000000': 0 pak files mounted, 0 remain pending
[2019.05.24-21.21.41:136][  0]LogPakFile: Registered encryption key '00000000000000000000000000000000': 0 pak files mounted, 0 remain pending
[2019.05.24-21.21.41:136][  0]LogPakFile: Registered encryption key '00000000000000000000000000000000': 0 pak files mounted, 0 remain pending
[2019.05.24-21.21.41:137][  0]LogPakFile: Registered encryption key '00000000000000000000000000000000': 0 pak files mounted, 0 remain pending
[2019.05.24-21.21.41:137][  0]LogPakFile: Registered encryption key '00000000000000000000000000000000': 0 pak files mounted, 0 remain pending
[2019.05.24-21.21.41:137][  0]LogPakFile: Registered encryption key '00000000000000000000000000000000': 0 pak files mounted, 0 remain pending
[2019.05.24-21.21.41:138][  0]LogPakFile: Registered encryption key '00000000000000000000000000000000': 0 pak files mounted, 0 remain pending
[2019.05.24-21.21.41:138][  0]LogPakFile: Registered encryption key '00000000000000000000000000000000': 0 pak files mounted, 0 remain pending
[2019.05.24-21.21.41:139][  0]LogPakFile: Registered encryption key '00000000000000000000000000000000': 0 pak files mounted, 0 remain pending
[2019.05.24-21.21.41:139][  0]LogPakFile: Registered encryption key '00000000000000000000000000000000': 0 pak files mounted, 0 remain pending
[2019.05.24-21.21.41:189][  0]LogContentBrowser: Native class hierarchy updated for 'AddContentDialog' in 0.0003 seconds. Added 0 classes and 0 folders.
[2019.05.24-21.21.41:202][  0]LogContentBrowser: Native class hierarchy updated for 'SceneOutliner' in 0.0003 seconds. Added 1 classes and 2 folders.
[2019.05.24-21.21.41:280][  0]LogSlate: Took 0.007223 seconds to synchronously load lazily loaded font '../../../Engine/Content/Slate/Fonts/Roboto-Regular.ttf' (155K)
[2019.05.24-21.21.41:291][  0]LogSlate: Took 0.007210 seconds to synchronously load lazily loaded font '../../../Engine/Content/Slate/Fonts/Roboto-Bold.ttf' (160K)
[2019.05.24-21.21.41:307][  0]LogSlate: Took 0.007975 seconds to synchronously load lazily loaded font '../../../Engine/Content/Editor/Slate/Fonts/FontAwesome.ttf' (139K)
[2019.05.24-21.21.41:452][  0]LogRenderer: Reallocating scene render targets to support 1132x576 Format 9 NumSamples 1 (Frame:1).
[2019.05.24-21.21.41:674][  0]LogContentBrowser: Native class hierarchy updated for 'HierarchicalLODOutliner' in 0.0003 seconds. Added 0 classes and 0 folders.
[2019.05.24-21.21.41:674][  0]LogLoad: (Engine Initialization) Total time: 25.78 seconds
[2019.05.24-21.21.41:674][  0]LogLoad: (Engine Initialization) Total Blueprint compile time: 0.00 seconds
[2019.05.24-21.21.41:768][  0]LogContentStreaming: Texture pool size now 600 MB
[2019.05.24-21.21.41:818][  0]LogSlate: Took 0.008266 seconds to synchronously load lazily loaded font '../../../Engine/Content/Slate/Fonts/Roboto-Light.ttf' (167K)
[2019.05.24-21.21.41:920][  2]LogAssetRegistry: Asset discovery search completed in 14.2640 seconds
[2019.05.24-21.21.41:925][  2]LogCollectionManager: Rebuilt the object cache for 0 collections in 0.000001 seconds (found 0 objects)
[2019.05.24-21.21.41:925][  2]LogCollectionManager: Fixed up redirectors for 0 collections in 0.000095 seconds (updated 0 objects)
[2019.05.24-21.21.47:409][178]LogSlate: FSceneViewport::OnFocusLost() reason 0
[2019.05.24-21.21.47:559][187]LogSlate: Took 0.000173 seconds to synchronously load lazily loaded font '../../../Engine/Content/Slate/Fonts/Roboto-Light.ttf' (167K)
[2019.05.24-21.21.47:833][187]LogMaterial: Display: Missing cached shader map for material WB_SWalk, compiling. 
[2019.05.24-21.21.47:887][187]LogMaterial: Display: Missing cached shader map for material WB_Street, compiling. 
[2019.05.24-21.21.47:903][187]LogShaderCompilers: Display: Shaders left to compile 22
[2019.05.24-21.21.47:905][187]LogShaderCompilers: Display: Shaders left to compile 12
[2019.05.24-21.21.47:905][187]LogShaderCompilers: Display: Shaders left to compile 2
[2019.05.24-21.21.47:905][187]LogMaterial: Display: Missing cached shader map for material WB_Grass, compiling. 
[2019.05.24-21.21.47:919][187]LogAIModule: Creating AISystem for world StreetLevel
[2019.05.24-21.21.47:946][187]LogShaderCompilers: Display: Shaders left to compile 44
[2019.05.24-21.21.47:969][187]LogAssetEditorManager: Opening Asset editor for World /Game/StreetLevel.StreetLevel
[2019.05.24-21.21.48:004][187]Cmd: MAP LOAD FILE="../../../../../../Users/alexs/Documents/repos/SummerAssetPipe/EAE3010SRassign001/Content/StreetLevel.umap" TEMPLATE=0 SHOWPROGRESS=1 FEATURELEVEL=3
[2019.05.24-21.21.48:005][187]LightingResults: New page: Lighting Build
[2019.05.24-21.21.48:006][187]LoadErrors: New page: Loading map: StreetLevel.umap
[2019.05.24-21.21.48:010][187]MapCheck: New page: Map Check
[2019.05.24-21.21.48:010][187]LightingResults: New page: Lighting Build
[2019.05.24-21.21.48:065][187]LogEditorServer: Finished looking for orphan Actors (0.000 secs)
[2019.05.24-21.21.48:122][187]Cmd: MAP CHECKDEP NOCLEARLOG
[2019.05.24-21.21.48:122][187]MapCheck: Map check complete: 0 Error(s), 0 Warning(s), took 0.192ms to complete.
[2019.05.24-21.21.48:122][187]LogFileHelpers: Loading map 'StreetLevel' took 0.127
[2019.05.24-21.21.48:657][216]LogShaderCompilers: Display: Shaders left to compile 34
[2019.05.24-21.21.50:126][304]LogShaderCompilers: Display: Shaders left to compile 24
[2019.05.24-21.21.50:174][307]LogShaderCompilers: Display: Shaders left to compile 14
[2019.05.24-21.21.51:384][379]LogShaderCompilers: Display: Shaders left to compile 4
[2019.05.24-21.21.54:823][584]LogSlate: FSceneViewport::OnFocusLost() reason 0
[2019.05.24-21.21.55:814][594]LogMaterial: Display: Missing cached shader map for material WB_Building, compiling. 
[2019.05.24-21.21.55:843][594]LogAIModule: Creating AISystem for world MyCityLevel
[2019.05.24-21.21.55:941][594]LogShaderCompilers: Display: Shaders left to compile 22
[2019.05.24-21.21.55:941][594]LogShaderCompilers: Display: Shaders left to compile 12
[2019.05.24-21.21.55:941][594]LogShaderCompilers: Display: Shaders left to compile 2
[2019.05.24-21.21.56:024][594]LogAssetEditorManager: Opening Asset editor for World /Game/MyCityLevel.MyCityLevel
[2019.05.24-21.21.56:058][594]Cmd: MAP LOAD FILE="../../../../../../Users/alexs/Documents/repos/SummerAssetPipe/EAE3010SRassign001/Content/MyCityLevel.umap" TEMPLATE=0 SHOWPROGRESS=1 FEATURELEVEL=3
[2019.05.24-21.21.56:058][594]LightingResults: New page: Lighting Build
[2019.05.24-21.21.56:059][594]LoadErrors: New page: Loading map: MyCityLevel.umap
[2019.05.24-21.21.56:063][594]MapCheck: New page: Map Check
[2019.05.24-21.21.56:063][594]LightingResults: New page: Lighting Build
[2019.05.24-21.21.56:184][594]LogEditorServer: Finished looking for orphan Actors (0.001 secs)
[2019.05.24-21.21.56:327][594]Cmd: MAP CHECKDEP NOCLEARLOG
[2019.05.24-21.21.56:328][594]MapCheck: Map check complete: 0 Error(s), 0 Warning(s), took 0.32ms to complete.
[2019.05.24-21.21.56:328][594]LogFileHelpers: Loading map 'MyCityLevel' took 0.270
[2019.05.24-21.24.45:658][910]LogSlate: FSceneViewport::OnFocusLost() reason 0
[2019.05.24-21.24.51:887][910]LogFactory: FactoryCreateFile: StaticMesh with FbxFactory (0 0 ../../../../../../Users/alexs/Desktop/mann.obj)
[2019.05.24-21.24.51:919][910]LogFbx: Loading FBX Scene from ../../../../../../Users/alexs/Desktop/mann.obj
[2019.05.24-21.24.52:014][910]LogFbx: FBX Scene Loaded Succesfully
[2019.05.24-21.24.54:074][910]LogSlate: Window 'FBX Import Options' being destroyed
[2019.05.24-21.24.54:271][910]LogMaterial: Display: Missing cached shader map for material SM_hatMat, compiling. 
[2019.05.24-21.24.54:301][910]LogShaderCompilers: Display: Shaders left to compile 22
[2019.05.24-21.24.54:301][910]LogShaderCompilers: Display: Shaders left to compile 12
[2019.05.24-21.24.54:301][910]LogShaderCompilers: Display: Shaders left to compile 2
[2019.05.24-21.24.54:301][910]LogFbx: Warning: Triangulating static mesh SM_hat
[2019.05.24-21.24.54:786][910]LogStaticMesh: Building static mesh mann...
[2019.05.24-21.24.54:914][910]LogStaticMesh: Built static mesh [0.13s] /Game/mann.mann
[2019.05.24-21.24.57:971][ 78]LogSlate: FSceneViewport::OnFocusLost() reason 0
[2019.05.24-21.24.58:134][ 87]LogActorFactory: Actor Factory created mann
[2019.05.24-21.24.58:643][114]LogActorFactory: Actor Factory created mann
[2019.05.24-21.25.08:399][682]LogEditorViewport: Clicking on Actor (LMB): StaticMeshActor (mann)
[2019.05.24-21.25.10:920][828]LogEditorViewport: Clicking on Actor (LMB): BP_Sky_Sphere_C (BP_Sky_Sphere)
[2019.05.24-21.26.26:441][545]LogEditorViewport: Clicking on Actor (LMB): BP_Sky_Sphere_C (BP_Sky_Sphere)
[2019.05.24-21.26.27:631][614]Cmd: TRANSACTION UNDO
[2019.05.24-21.26.27:631][614]LogEditorTransaction: Undo Clicking on Actors
[2019.05.24-21.26.28:132][641]Cmd: TRANSACTION UNDO
[2019.05.24-21.26.28:132][641]LogEditorTransaction: Undo Move Actors
[2019.05.24-21.26.33:203][880]LogSlate: FSceneViewport::OnFocusLost() reason 0
[2019.05.24-21.26.38:963][219]LogSlate: FSceneViewport::OnFocusLost() reason 0
[2019.05.24-21.26.40:606][315]LogSlate: FSceneViewport::OnFocusLost() reason 0
[2019.05.24-21.26.41:778][382]LogEditorViewport: Clicking on Actor (LMB): BP_Sky_Sphere_C (BP_Sky_Sphere)
[2019.05.24-21.26.50:713][900]LogSlate: FSceneViewport::OnFocusLost() reason 0
[2019.05.24-21.27.11:280][918]LogSlate: FSceneViewport::OnFocusLost() reason 0
[2019.05.24-21.27.33:102][114]LogSlate: FSceneViewport::OnFocusLost() reason 0
[2019.05.24-21.28.32:863][921]LogSlate: FSceneViewport::OnFocusLost() reason 0
[2019.05.24-21.28.34:603][ 24]LogSlate: FSceneViewport::OnFocusLost() reason 0
[2019.05.24-21.28.35:407][ 70]Cmd: BRUSH ADD SELECTNEWBRUSH
[2019.05.24-21.28.52:169][911]LogSlate: FSceneViewport::OnFocusLost() reason 0
[2019.05.24-21.29.02:834][482]LogEditorViewport: Clicking on Actor (context menu): Brush (Box Brush)
[2019.05.24-21.29.02:896][482]LogSlate: FSceneViewport::OnFocusLost() reason 2
[2019.05.24-21.30.10:372][650]LogSlate: FSceneViewport::OnFocusLost() reason 0
[2019.05.24-21.30.21:723][308]LogSlate: FSceneViewport::OnFocusLost() reason 0
[2019.05.24-21.30.34:436][ 55]LogSlate: FSceneViewport::OnFocusLost() reason 0
[2019.05.24-21.30.38:905][322]LogSlate: FSceneViewport::OnFocusLost() reason 0
[2019.05.24-21.30.46:932][731]Cmd: TRANSACTION UNDO
[2019.05.24-21.30.46:932][731]LogEditorTransaction: Undo Move Actors
[2019.05.24-21.30.47:964][731]LogGeometryMode: Warning: Unable to find 1 Vertex(s) in new BSP
[2019.05.24-21.30.47:964][731]LogGeometryMode: Warning: Unable to resolve BoxBrush Brush in new BSP, see above
[2019.05.24-21.30.47:964][731]LogGeometryMode: Warning: Unable to find all previously selected geometry data, resetting selection
[2019.05.24-21.31.01:436][513]LogSlate: FSceneViewport::OnFocusLost() reason 0
[2019.05.24-21.31.14:413][220]Cmd: TRANSACTION UNDO
[2019.05.24-21.31.14:413][220]LogEditorTransaction: Undo Move Actors
[2019.05.24-21.31.15:372][220]LogGeometryMode: Warning: Unable to find 1 Vertex(s) in new BSP
[2019.05.24-21.31.15:372][220]LogGeometryMode: Warning: Unable to resolve BoxBrush Brush in new BSP, see above
[2019.05.24-21.31.15:372][220]LogGeometryMode: Warning: Unable to find all previously selected geometry data, resetting selection
[2019.05.24-21.31.39:100][624]LogSlate: FSceneViewport::OnFocusLost() reason 2
[2019.05.24-21.31.39:759][663]LogSlate: FSceneViewport::OnFocusLost() reason 2
[2019.05.24-21.31.43:509][872]Cmd: CAMERA ALIGN ACTIVEVIEWPORTONLY
[2019.05.24-21.31.52:849][367]Cmd: TRANSACTION UNDO
[2019.05.24-21.31.52:849][367]LogEditorTransaction: Undo Move Actors
[2019.05.24-21.31.53:824][367]LogGeometryMode: Warning: Unable to find 1 Poly(s) in new BSP
[2019.05.24-21.31.53:824][367]LogGeometryMode: Warning: Unable to resolve BoxBrush Brush in new BSP, see above
[2019.05.24-21.31.53:824][367]LogGeometryMode: Warning: Unable to find all previously selected geometry data, resetting selection
[2019.05.24-21.32.04:879][ 16]Cmd: TRANSACTION UNDO
[2019.05.24-21.32.04:879][ 16]LogEditorTransaction: Undo Modifier [Pen]
[2019.05.24-21.32.05:495][ 50]Cmd: TRANSACTION UNDO
[2019.05.24-21.32.05:495][ 50]LogEditorTransaction: Undo Modifier [Pen]
[2019.05.24-21.32.06:439][105]Cmd: TRANSACTION UNDO
[2019.05.24-21.32.06:439][105]LogEditorTransaction: Undo Modifier [Pen]
[2019.05.24-21.32.06:956][134]Cmd: TRANSACTION UNDO
[2019.05.24-21.32.06:956][134]LogEditorTransaction: Undo Modifier [Pen]
[2019.05.24-21.32.07:502][165]Cmd: TRANSACTION UNDO
[2019.05.24-21.32.07:502][165]LogEditorTransaction: Undo Modifier [Pen]
[2019.05.24-21.32.08:018][194]Cmd: TRANSACTION UNDO
[2019.05.24-21.32.08:018][194]LogEditorTransaction: Undo Modifier [Pen]
[2019.05.24-21.32.08:534][223]Cmd: TRANSACTION UNDO
[2019.05.24-21.32.08:534][223]LogEditorTransaction: Undo Modifier [Pen]
[2019.05.24-21.32.09:097][255]Cmd: TRANSACTION UNDO
[2019.05.24-21.32.09:097][255]LogEditorTransaction: Undo Modifier [Pen]
[2019.05.24-21.32.11:370][389]LogSlate: FSceneViewport::OnFocusLost() reason 0
[2019.05.24-21.32.13:370][509]Cmd: TRANSACTION UNDO
[2019.05.24-21.32.13:370][509]LogEditorTransaction: Undo Modifier [Pen]
[2019.05.24-21.32.13:786][531]Cmd: TRANSACTION UNDO
[2019.05.24-21.32.13:786][531]LogEditorTransaction: Undo Modifier [Edit]
[2019.05.24-21.32.14:331][561]Cmd: TRANSACTION UNDO
[2019.05.24-21.32.14:331][561]LogEditorTransaction: Undo Modifier [Edit]
[2019.05.24-21.32.14:843][590]Cmd: TRANSACTION UNDO
[2019.05.24-21.32.14:843][590]LogEditorTransaction: Undo Modifier [Edit]
[2019.05.24-21.32.15:323][617]Cmd: TRANSACTION UNDO
[2019.05.24-21.32.15:323][617]LogEditorTransaction: Undo Modifier [Edit]
[2019.05.24-21.32.26:252][262]LogSlate: FSceneViewport::OnFocusLost() reason 0
[2019.05.24-21.32.31:556][578]Cmd: DELETE
[2019.05.24-21.32.31:558][578]LogGeometryMode: Warning: Unable to find 1 Poly(s) in new BSP
[2019.05.24-21.32.31:558][578]LogGeometryMode: Warning: Unable to resolve BoxBrush Brush in new BSP, see above
[2019.05.24-21.32.31:558][578]LogGeometryMode: Warning: Unable to find all previously selected geometry data, resetting selection
[2019.05.24-21.32.40:426][ 41]LogSlate: FSceneViewport::OnFocusLost() reason 0
[2019.05.24-21.32.43:246][204]Cmd: DELETE
[2019.05.24-21.32.43:246][204]Cmd: ACTOR DELETE
[2019.05.24-21.32.43:409][204]LogEditorActor: Deleted Actor: Brush
[2019.05.24-21.32.44:230][204]LogEditorActor: Deleted 1 Actors (0.975 secs)
[2019.05.24-21.33.14:673][687]LogSavePackage: Moving '../../../../../../Users/alexs/Documents/repos/SummerAssetPipe/EAE3010SRassign001/Saved/MyCityLevel_Auto150A755A841FA93572642F6B1296C0C3F.tmp' to '../../../../../../Users/alexs/Documents/repos/SummerAssetPipe/EAE3010SRassign001/Saved/Autosaves/Game/MyCityLevel_Auto1.umap'
[2019.05.24-21.33.14:686][687]LogFileHelpers: Editor autosave (incl. sublevels) for '/Game/MyCityLevel' took 2.754
[2019.05.24-21.33.14:686][687]LogFileHelpers: Editor autosave (incl. sublevels) for all levels took 2.754
[2019.05.24-21.33.14:689][687]OBJ SavePackage: Generating thumbnails for [1] asset(s) in package [/Game/mann] ([1] browsable assets)...
[2019.05.24-21.33.14:703][687]OBJ SavePackage:     Rendered thumbnail for [StaticMesh /Game/mann.mann]
[2019.05.24-21.33.14:703][687]OBJ SavePackage: Finished generating thumbnails for package [/Game/mann]
[2019.05.24-21.33.14:703][687]Cmd: OBJ SAVEPACKAGE PACKAGE="/Game/mann" FILE="../../../../../../Users/alexs/Documents/repos/SummerAssetPipe/EAE3010SRassign001/Saved/Autosaves/Game/mann_Auto1.uasset" SILENT=false AUTOSAVING=true
[2019.05.24-21.33.14:722][687]LogSavePackage: Moving '../../../../../../Users/alexs/Documents/repos/SummerAssetPipe/EAE3010SRassign001/Saved/mann_Auto10D334C994E9786ED0CDD7EAA75F7460A.tmp' to '../../../../../../Users/alexs/Documents/repos/SummerAssetPipe/EAE3010SRassign001/Saved/Autosaves/Game/mann_Auto1.uasset'
[2019.05.24-21.33.14:723][687]OBJ SavePackage: Generating thumbnails for [1] asset(s) in package [/Game/SM_hatMat] ([1] browsable assets)...
[2019.05.24-21.33.14:734][687]OBJ SavePackage:     Rendered thumbnail for [Material /Game/SM_hatMat.SM_hatMat]
[2019.05.24-21.33.14:734][687]OBJ SavePackage: Finished generating thumbnails for package [/Game/SM_hatMat]
[2019.05.24-21.33.14:751][687]LogSavePackage: Moving '../../../../../../Users/alexs/Documents/repos/SummerAssetPipe/EAE3010SRassign001/Saved/SM_hatMat_Auto13FF3DD944DE88B4329B82CB1488DB997.tmp' to '../../../../../../Users/alexs/Documents/repos/SummerAssetPipe/EAE3010SRassign001/Saved/Autosaves/Game/SM_hatMat_Auto1.uasset'
[2019.05.24-21.33.14:752][687]LogFileHelpers: Auto-saving content packages took 0.064
[2019.05.24-21.33.48:075][956]LogEditorViewport: Clicking on Actor (LMB): BP_Sky_Sphere_C (BP_Sky_Sphere)
[2019.05.24-21.33.54:451][333]LogSlate: FSceneViewport::OnFocusLost() reason 0
[2019.05.24-21.34.00:499][687]LogSlate: FSceneViewport::OnFocusLost() reason 2
[2019.05.24-21.34.06:542][ 40]LogEditorViewport: Clicking Background
[2019.05.24-21.34.44:425][295]Cmd: TRANSACTION UNDO
[2019.05.24-21.34.44:426][295]LogEditorTransaction: Undo Select Brush Surface
[2019.05.24-21.34.46:023][378]Cmd: TRANSACTION UNDO
[2019.05.24-21.34.46:023][378]LogEditorTransaction: Undo Clicking Background
[2019.05.24-21.34.46:627][402]Cmd: TRANSACTION UNDO
[2019.05.24-21.34.46:627][402]LogEditorTransaction: Undo Select Brush Surface
[2019.05.24-21.35.01:957][231]LogSlate: FSceneViewport::OnFocusLost() reason 2
[2019.05.24-21.35.09:377][673]Cmd: DELETE
[2019.05.24-21.35.10:523][673]Cmd: ACTOR DELETE
[2019.05.24-21.35.10:654][673]LogEditorActor: Deleted Actor: Brush
[2019.05.24-21.35.11:491][673]LogEditorActor: Deleted 1 Actors (0.968 secs)
[2019.05.24-21.35.14:318][813]LogSlate: FSceneViewport::OnFocusLost() reason 2
[2019.05.24-21.35.14:692][834]LogSlate: FSceneViewport::OnFocusLost() reason 2
[2019.05.24-21.35.17:863][ 12]LogSlate: FSceneViewport::OnFocusLost() reason 0
[2019.05.24-21.35.29:767][586]LogSlate: FSceneViewport::OnFocusLost() reason 2
[2019.05.24-21.35.34:058][843]LogEditorViewport: Clicking Background
[2019.05.24-21.35.35:584][934]LogSlate: FSceneViewport::OnFocusLost() reason 0
[2019.05.24-21.35.37:155][ 28]LogSlate: FSceneViewport::OnFocusLost() reason 0
[2019.05.24-21.35.39:412][163]LogEditorViewport: Clicking Background
[2019.05.24-21.36.02:228][460]LogSlate: FSceneViewport::OnFocusLost() reason 0
[2019.05.24-21.36.17:424][363]LogSlate: FSceneViewport::OnFocusLost() reason 0
[2019.05.24-21.36.19:372][479]Cmd: DELETE
[2019.05.24-21.36.19:372][479]Cmd: ACTOR DELETE
[2019.05.24-21.36.19:503][479]LogEditorActor: Deleted Actor: Brush
[2019.05.24-21.36.20:382][479]LogEditorActor: Deleted 1 Actors (1.010 secs)
[2019.05.24-21.37.25:272][192]LogSlate: FSceneViewport::OnFocusLost() reason 2
[2019.05.24-21.37.30:804][522]Cmd: TRANSACTION UNDO
[2019.05.24-21.37.30:804][522]LogEditorTransaction: Undo Brush Set
[2019.05.24-21.37.31:895][522]LogActorComponent: RegisterComponentWithWorld: (/Game/MyCityLevel.MyCityLevel:PersistentLevel.Brush_18.BrushComponent0) Trying to register component with IsPendingKill() == true. Aborting.
[2019.05.24-21.37.45:722][326]LogSlate: FSceneViewport::OnFocusLost() reason 0
[2019.05.24-21.37.47:381][425]Cmd: DELETE
[2019.05.24-21.37.47:381][425]Cmd: ACTOR DELETE
[2019.05.24-21.37.47:515][425]LogEditorActor: Deleted Actor: Brush
[2019.05.24-21.37.48:352][425]LogEditorActor: Deleted 1 Actors (0.970 secs)
[2019.05.24-21.37.54:726][779]LogSlate: FSceneViewport::OnFocusLost() reason 0
[2019.05.24-21.38.02:238][202]LogSlate: FSceneViewport::OnFocusLost() reason 0
[2019.05.24-21.38.04:356][319]LogEditorActor: Deleted Actor: Brush
[2019.05.24-21.38.05:339][319]LogEditorActor: Deleted 1 Actors (1.131 secs)
[2019.05.24-21.38.18:407][932]LogSlate: FSceneViewport::OnFocusLost() reason 0
[2019.05.24-21.38.52:169][548]LogSlate: FSceneViewport::OnFocusLost() reason 0
[2019.05.24-21.39.39:849][926]LogSlate: FSceneViewport::OnFocusLost() reason 2
[2019.05.24-21.39.42:980][926]LogSavePackage: Moving '../../../../../../Users/alexs/Documents/repos/SummerAssetPipe/EAE3010SRassign001/Saved/MyCityLevel6B9DBB5F4486C01F09E65B837E978614.tmp' to '../../../../../../Users/alexs/Documents/repos/SummerAssetPipe/EAE3010SRassign001/Content/MyCityLevel.umap'
[2019.05.24-21.39.43:062][926]Cmd: OBJ SAVEPACKAGE PACKAGE="/Game/MyCityLevel_BuiltData" FILE="../../../../../../Users/alexs/Documents/repos/SummerAssetPipe/EAE3010SRassign001/Content/MyCityLevel_BuiltData.uasset" SILENT=true
[2019.05.24-21.39.43:090][926]LogSavePackage: Moving '../../../../../../Users/alexs/Documents/repos/SummerAssetPipe/EAE3010SRassign001/Saved/MyCityLevel_BuiltDataB2EFA8C849E2B941D43AECA27106DF59.tmp' to '../../../../../../Users/alexs/Documents/repos/SummerAssetPipe/EAE3010SRassign001/Content/MyCityLevel_BuiltData.uasset'
[2019.05.24-21.39.45:020][ 36]Cmd: OBJ SAVEPACKAGE PACKAGE="/Game/mann" FILE="../../../../../../Users/alexs/Documents/repos/SummerAssetPipe/EAE3010SRassign001/Content/mann.uasset" SILENT=true
[2019.05.24-21.39.45:030][ 36]LogSavePackage: Moving '../../../../../../Users/alexs/Documents/repos/SummerAssetPipe/EAE3010SRassign001/Saved/mannD0AC30C54A57A7636207BD93C36EE23F.tmp' to '../../../../../../Users/alexs/Documents/repos/SummerAssetPipe/EAE3010SRassign001/Content/mann.uasset'
[2019.05.24-21.39.45:039][ 36]Cmd: OBJ SAVEPACKAGE PACKAGE="/Game/SM_hatMat" FILE="../../../../../../Users/alexs/Documents/repos/SummerAssetPipe/EAE3010SRassign001/Content/SM_hatMat.uasset" SILENT=true
[2019.05.24-21.39.45:050][ 36]LogSavePackage: Moving '../../../../../../Users/alexs/Documents/repos/SummerAssetPipe/EAE3010SRassign001/Saved/SM_hatMat903DB9BA4920AE122D208D8918C74F2D.tmp' to '../../../../../../Users/alexs/Documents/repos/SummerAssetPipe/EAE3010SRassign001/Content/SM_hatMat.uasset'
[2019.05.24-21.42.53:465][185]LogD3D11RHI: Error: Failed to create shader resource view for vertex buffer: ByteWidth=315456 NumElements=39432 Format=G32R32F
[2019.05.24-21.42.53:492][185]LogD3D11RHI: Error: Direct3DDevice->CreateShaderResourceView failed 
 at D:\Build\++UE4\Sync\Engine\Source\Runtime\Windows\D3D11RHI\Private\D3D11UAV.cpp:221 
 with error E_OUTOFMEMORY
[2019.05.24-21.43.10:390][185]LogConsoleResponse:     33 = 5094 KB (2D 1132x576 PF_B8G8R8A8 RT 4xMSAA) EditorPrimitivesColor unused(1)
[2019.05.24-21.43.10:393][185]LogConsoleResponse:     34 = 5094 KB (2D 1132x576 PF_DepthStencil 4xMSAA) EditorPrimitivesDepth unused(1)
[2019.05.24-21.43.10:395][185]LogConsoleResponse:     28 = 5094 KB (2D 1132x576 PF_FloatRGBA RT UAV) LightAccumulation
[2019.05.24-21.43.10:395][185]LogConsoleResponse:     59 = 5094 KB (2D 1132x576 PF_FloatRGBA RT) SeparateTranslucency unused(1)
[2019.05.24-21.43.10:398][185]LogConsoleResponse:     61 = 2547 KB (2D 1132x576 PF_A2B10G10R10 RT) GBufferA unused(1)
[2019.05.24-21.43.10:398][185]LogConsoleResponse:     63 = 2547 KB (2D 1132x576 PF_B8G8R8A8 RT sRGB) GBufferC unused(1)
[2019.05.24-21.43.10:399][185]LogConsoleResponse:     69 = 2547 KB (2D 1132x576 PF_B8G8R8A8 RT VRam) LightAttenuation unused(1) VRamInKB(Start/Size):<NONE>
[2019.05.24-21.43.10:399][185]LogConsoleResponse:     62 = 2547 KB (2D 1132x576 PF_B8G8R8A8 RT VRam) SelectionComposited unused(1) VRamInKB(Start/Size):<NONE>
[2019.05.24-21.43.10:399][185]LogConsoleResponse:     65 = 2547 KB (2D 1132x576 PF_B8G8R8A8 RT) GBufferE unused(1)
[2019.05.24-21.43.10:399][185]LogConsoleResponse:     32 = 2547 KB (2D 1132x576 PF_B8G8R8A8 RT) HitProxy unused(95)
[2019.05.24-21.43.10:399][185]LogConsoleResponse:     64 = 2547 KB (2D 1132x576 PF_B8G8R8A8 RT) PostProcessFXAA unused(1)
[2019.05.24-21.43.10:399][185]LogConsoleResponse:     19 = 2547 KB (2D 1132x576 PF_DepthStencil VRam) SceneDepthZ VRamInKB(Start/Size):<NONE>
[2019.05.24-21.43.10:399][185]LogConsoleResponse:     36 = 2547 KB (2D 1132x576 PF_FloatRGB RT UAV VRam) SceneColor VRamInKB(Start/Size):<NONE>
[2019.05.24-21.43.10:399][185]LogConsoleResponse:     58 = 2547 KB (2D 1132x576 PF_FloatRGB RT VRam) BokehDOFRecombine unused(1) VRamInKB(Start/Size):<NONE>
[2019.05.24-21.43.10:399][185]LogConsoleResponse:     31 = 2048 KB (2D 1024x1024 PF_ShadowDepth) WholeSceneShadowmap unused(1)
[2019.05.24-21.43.10:400][185]LogConsoleResponse:     77 = 2048 KB (2D 1024x1024 PF_ShadowDepth) WholeSceneShadowmap unused(5492)
[2019.05.24-21.43.10:400][185]LogConsoleResponse:     76 = 2048 KB (2D 1024x1024 PF_ShadowDepth) WholeSceneShadowmap unused(5492)
[2019.05.24-21.43.10:400][185]LogConsoleResponse:     30 = 2048 KB (Cube[2] 128 PF_FloatRGBA) ReflectionEnvs
[2019.05.24-21.43.10:400][185]LogConsoleResponse:     66 = 1366 KB (2D 1024x512 PF_R16F RT VRam) HZB unused(1) VRamInKB(Start/Size):<NONE>
[2019.05.24-21.43.10:400][185]LogConsoleResponse:     29 = 1274 KB (2D 1132x288 PF_R32_UINT RT UAV) QuadOverdrawBuffer
[2019.05.24-21.43.10:401][185]LogConsoleResponse:     20 = 1274 KB (2D 566x288 PF_DepthStencil) SmallDepthZ
[2019.05.24-21.43.10:401][185]LogConsoleResponse:     67 = 1274 KB (2D 566x288 PF_FloatRGBA RT VRam) AmbientOcclusionSetup unused(1) VRamInKB(Start/Size):<NONE>
[2019.05.24-21.43.10:401][185]LogConsoleResponse:     41 = 1024 KB (Cube 128 PF_FloatRGBA RT) ReflectionColorScratchCubemap0
[2019.05.24-21.43.10:401][185]LogConsoleResponse:     40 = 1024 KB (Cube 128 PF_FloatRGBA RT) ReflectionColorScratchCubemap1
[2019.05.24-21.43.10:401][185]LogConsoleResponse:     21 = 637 KB (2D 1132x576 PF_G8 RT UAV) ScreenSpaceAO
[2019.05.24-21.43.10:401][185]LogConsoleResponse:     68 = 637 KB (2D 566x288 PF_B8G8R8A8 RT VRam) AmbientOcclusion unused(1) VRamInKB(Start/Size):<NONE>
[2019.05.24-21.43.10:401][185]LogConsoleResponse:     57 = 637 KB (2D 566x288 PF_FloatRGB RT VRam) SceneColorHalfRes unused(1) VRamInKB(Start/Size):<NONE>
[2019.05.24-21.43.10:401][185]LogConsoleResponse:     60 = 512 KB (3D 256x128x2 PF_FloatRGBA RT) AtmosphereDeltaJ
[2019.05.24-21.43.10:401][185]LogConsoleResponse:     75 = 512 KB (3D 256x128x2 PF_FloatRGBA RT) AtmosphereDeltaSM
[2019.05.24-21.43.10:401][185]LogConsoleResponse:     74 = 512 KB (3D 256x128x2 PF_FloatRGBA RT) AtmosphereDeltaSR
[2019.05.24-21.43.10:401][185]LogConsoleResponse:     73 = 512 KB (3D 256x128x2 PF_FloatRGBA RT) AtmosphereInscatter
[2019.05.24-21.43.10:402][185]LogConsoleResponse:      1 = 256 KB (2D 256x256 PF_B8G8R8A8) HZBResultsCPU
[2019.05.24-21.43.10:402][185]LogConsoleResponse:      2 = 256 KB (2D 256x256 PF_B8G8R8A8) HZBResultsCPU
[2019.05.24-21.43.10:402][185]LogConsoleResponse:      4 = 256 KB (2D 256x256 PF_B8G8R8A8) HZBResultsCPU
[2019.05.24-21.43.10:402][185]LogConsoleResponse:      3 = 256 KB (2D 256x256 PF_B8G8R8A8) HZBResultsCPU
[2019.05.24-21.43.10:402][185]LogConsoleResponse:     22 = 256 KB (3D 32x32x32 PF_FloatRGBA RT UAV) TranslucentVolume0
[2019.05.24-21.43.10:402][185]LogConsoleResponse:     24 = 256 KB (3D 32x32x32 PF_FloatRGBA RT UAV) TranslucentVolume1
[2019.05.24-21.43.10:402][185]LogConsoleResponse:     26 = 256 KB (3D 32x32x32 PF_FloatRGBA RT UAV) TranslucentVolume2
[2019.05.24-21.43.10:402][185]LogConsoleResponse:     23 = 256 KB (3D 32x32x32 PF_FloatRGBA RT UAV) TranslucentVolumeDir0
[2019.05.24-21.43.10:402][185]LogConsoleResponse:     25 = 256 KB (3D 32x32x32 PF_FloatRGBA RT UAV) TranslucentVolumeDir1
[2019.05.24-21.43.10:402][185]LogConsoleResponse:     27 = 256 KB (3D 32x32x32 PF_FloatRGBA RT UAV) TranslucentVolumeDir2
[2019.05.24-21.43.10:402][185]LogConsoleResponse:     56 = 160 KB (2D 283x144 PF_FloatRGB RT VRam) BloomDownsample1 unused(1) VRamInKB(Start/Size):<NONE>
[2019.05.24-21.43.10:402][185]LogConsoleResponse:     42 = 160 KB (2D 284x144 PF_FloatRGB RT) BloomBlurY unused(1)
[2019.05.24-21.43.10:402][185]LogConsoleResponse:     70 = 128 KB (2D 256x64 PF_FloatRGBA RT) AtmosphereTransmittance
[2019.05.24-21.43.10:402][185]LogConsoleResponse:     78 = 128 KB (3D 32x32x32 PF_A2B10G10R10 RT VRam) CombineLUTs unused(5492) VRamInKB(Start/Size):<NONE>
[2019.05.24-21.43.10:402][185]LogConsoleResponse:     44 = 128 KB (3D 32x32x32 PF_A2B10G10R10 RT) CombineLUTs
[2019.05.24-21.43.10:402][185]LogConsoleResponse:     43 = 80 KB (2D 142x144 PF_FloatRGB RT) BloomBlurX unused(1)
[2019.05.24-21.43.10:402][185]LogConsoleResponse:     10 = 64 KB (2D 128x128 PF_B8G8R8A8) PerlinNoiseGradient
[2019.05.24-21.43.10:402][185]LogConsoleResponse:     39 = 64 KB (Cube 32 PF_FloatRGBA RT) DiffuseIrradianceScratchCubemap0
[2019.05.24-21.43.10:402][185]LogConsoleResponse:     38 = 64 KB (Cube 32 PF_FloatRGBA RT) DiffuseIrradianceScratchCubemap1
[2019.05.24-21.43.10:402][185]LogConsoleResponse:     55 = 40 KB (2D 142x72 PF_FloatRGB RT VRam) BloomBlurY unused(1) VRamInKB(Start/Size):<NONE>
[2019.05.24-21.43.10:402][185]LogConsoleResponse:     37 = 32 KB (2D 64x64 PF_A16B16G16R16) SSProfiles
[2019.05.24-21.43.10:402][185]LogConsoleResponse:     17 = 32 KB (2D 64x64 PF_FloatRGBA VRam) LTCMat VRamInKB(Start/Size):<NONE>
[2019.05.24-21.43.10:402][185]LogConsoleResponse:     45 = 20 KB (2D 71x72 PF_FloatRGB RT) BloomBlurX unused(1)
[2019.05.24-21.43.10:403][185]LogConsoleResponse:     16 = 16 KB (2D 128x32 PF_G16R16) PreintegratedGF
[2019.05.24-21.43.10:403][185]LogConsoleResponse:     18 = 16 KB (2D 64x64 PF_G16R16F VRam) LTCAmp VRamInKB(Start/Size):<NONE>
[2019.05.24-21.43.10:403][185]LogConsoleResponse:     14 = 16 KB (3D 16x16x16 PF_B8G8R8A8) PerlinNoise3D
[2019.05.24-21.43.10:403][185]LogConsoleResponse:     46 = 11 KB (2D 72x36 PF_FloatRGB RT) BloomBlurY unused(1)
[2019.05.24-21.43.10:403][185]LogConsoleResponse:     54 = 10 KB (2D 71x36 PF_FloatRGB RT VRam) BloomDownsample3 unused(1) VRamInKB(Start/Size):<NONE>
[2019.05.24-21.43.10:403][185]LogConsoleResponse:     72 = 8 KB (2D 64x16 PF_FloatRGBA RT) AtmosphereDeltaE
[2019.05.24-21.43.10:405][185]LogConsoleResponse:     71 = 8 KB (2D 64x16 PF_FloatRGBA RT) AtmosphereIrradiance
[2019.05.24-21.43.10:405][185]LogConsoleResponse:     15 = 8 KB (2D 64x64 PF_R8G8) SSAORandomization
[2019.05.24-21.43.10:405][185]LogConsoleResponse:     47 = 6 KB (2D 36x36 PF_FloatRGB RT) BloomBlurX unused(1)
[2019.05.24-21.43.10:405][185]LogConsoleResponse:     53 = 3 KB (2D 36x18 PF_FloatRGB RT VRam) BloomBlurY unused(1) VRamInKB(Start/Size):<NONE>
[2019.05.24-21.43.10:405][185]LogConsoleResponse:     50 = 2 KB (2D 18x18 PF_FloatRGB RT) BloomBlurX unused(1)
[2019.05.24-21.43.10:405][185]LogConsoleResponse:     52 = 1 KB (2D 18x9 PF_FloatRGB RT VRam) BloomBlurY unused(1) VRamInKB(Start/Size):<NONE>
[2019.05.24-21.43.10:405][185]LogConsoleResponse:      7 = 1 KB (2D 1x1 PF_B8G8R8A8 RT) BlackAlphaOneDummy
[2019.05.24-21.43.10:405][185]LogConsoleResponse:      6 = 1 KB (2D 1x1 PF_B8G8R8A8 RT) BlackDummy
[2019.05.24-21.43.10:405][185]LogConsoleResponse:      9 = 1 KB (2D 1x1 PF_B8G8R8A8 RT) DefaultNormal8Bit
[2019.05.24-21.43.10:405][185]LogConsoleResponse:      8 = 1 KB (2D 1x1 PF_B8G8R8A8 RT) GreenDummy
[2019.05.24-21.43.10:405][185]LogConsoleResponse:      5 = 1 KB (2D 1x1 PF_B8G8R8A8 RT) WhiteDummy
[2019.05.24-21.43.10:405][185]LogConsoleResponse:     12 = 1 KB (2D 1x1 PF_DepthStencil) DepthDummy
[2019.05.24-21.43.10:405][185]LogConsoleResponse:     11 = 1 KB (2D 1x1 PF_FloatRGBA RT) MaxFP16Depth
[2019.05.24-21.43.10:405][185]LogConsoleResponse:     48 = 1 KB (2D 1x1 PF_G32R32F RT UAV) EyeAdaptation
[2019.05.24-21.43.10:405][185]LogConsoleResponse:     49 = 1 KB (2D 1x1 PF_G32R32F RT UAV) EyeAdaptation
[2019.05.24-21.43.10:405][185]LogConsoleResponse:     13 = 1 KB (2D 32x16 PF_R16_UINT) SobolSampling
[2019.05.24-21.43.10:405][185]LogConsoleResponse:     35 = 1 KB (2D 9x1 PF_FloatRGBA RT) SkySHIrradianceMap
[2019.05.24-21.43.10:405][185]LogConsoleResponse:     51 = 1 KB (2D 9x9 PF_FloatRGB RT) BloomBlurX unused(1)
[2019.05.24-21.43.10:406][185]LogConsoleResponse: 
[2019.05.24-21.43.10:406][185]LogConsoleResponse: Pool: 23/68 MB (referenced/allocated)
[2019.05.24-21.43.10:409][185]Cmd: rhi.DumpMemory
[2019.05.24-21.43.10:505][185]RHI resource memory (not tracked by our allocator)
[2019.05.24-21.43.10:507][185]         2228160  -  Render target memory Cube - STAT_RenderTargetMemoryCube - STATGROUP_RHI - STATCAT_Advanced
[2019.05.24-21.43.10:507][185]         3932160  -  Render target memory 3D - STAT_RenderTargetMemory3D - STATGROUP_RHI - STATCAT_Advanced
[2019.05.24-21.43.10:507][185]          856528  -  Uniform buffer memory - STAT_UniformBufferMemory - STATGROUP_RHI - STATCAT_Advanced
[2019.05.24-21.43.10:507][185]          579070  -  Texture memory 3D - STAT_TextureMemory3D - STATGROUP_RHI - STATCAT_Advanced
[2019.05.24-21.43.10:507][185]        80133650  -  Texture memory 2D - STAT_TextureMemory2D - STATGROUP_RHI - STATCAT_Advanced
[2019.05.24-21.43.10:507][185]        22085700  -  Texture memory Cube - STAT_TextureMemoryCube - STATGROUP_RHI - STATCAT_Advanced
[2019.05.24-21.43.10:507][185]       255495256  -  Render target memory 2D - STAT_RenderTargetMemory2D - STATGROUP_RHI - STATCAT_Advanced
[2019.05.24-21.43.10:507][185]        62095696  -  Vertex buffer memory - STAT_VertexBufferMemory - STATGROUP_RHI - STATCAT_Advanced
[2019.05.24-21.43.10:507][185]         6184526  -  Index buffer memory - STAT_IndexBufferMemory - STATGROUP_RHI - STATCAT_Advanced
[2019.05.24-21.43.10:507][185]413.504MB total
[2019.05.24-21.43.10:511][185]LogWindows: FPlatformMisc::RequestExit(1)
[2019.05.24-21.43.10:530][185]Log file closed, 05/24/19 15:43:10
